<?xml version="1.0" encoding="utf-8"?><testsuites name="pytest tests"><testsuite name="pytest" errors="0" failures="9" skipped="7" tests="2929" time="345.369" timestamp="2026-09-26T15:58:58.384773+08:00" hostname="DESKTOP-E96SKGK"><testcase classname="tests.test_618_a3" name="test_eprocess_equivalent_n1593" time="0.615" /><testcase classname="tests.test_618_a3" name="test_eprocess_self_consistency" time="0.002" /><testcase classname="tests.test_618_a3" name="test_eprocess_monotone_n" time="0.002" /><testcase classname="tests.test_620_b1" name="test_discover_83_cards" time="0.629" /><testcase classname="tests.test_619_a1" name="test_verifier_disagreement_is_na" time="0.617" /><testcase classname="tests.test_618_a3" name="test_layer_l3_escaped" time="0.001" /><testcase classname="tests.test_618_a3" name="test_layer_l3_equivalent" time="0.002" /><testcase classname="tests.test_618_a3" name="test_compute_keys" time="0.002" /><testcase classname="tests.test_620_b1" name="test_single_migration_passes_validator" time="0.201" /><testcase classname="tests.test_619_a1" name="test_na_excluded_from_denominator" time="0.001" /><testcase classname="tests.test_619_a1" name="test_real_escape_outranks_warn_only_path" time="0.002" /><testcase classname="tests.test_619_a3" name="test_render_contains_state_table" time="0.639" /><testcase classname="tests.test_619_a1" name="test_warn_only_no_double_count" time="0.001" /><testcase classname="tests.test_618_b" name="test_gate_build_numbers" time="0.002" /><testcase classname="tests.test_619_a1" name="test_generic_rule_block_is_blind_spot_06" time="0.001" /><testcase classname="tests.test_619_a1" name="test_sha256_triggers_provenance" time="0.001" /><testcase classname="tests.test_619_a3" name="test_check_runs_clean" time="0.393" /><testcase classname="tests.test_619_a1" name="test_equivalent_excluded_from_ranking" time="0.001" /><testcase classname="tests.test_618_b" name="test_gate_independence_level" time="0.002" /><testcase classname="tests.test_618_b" name="test_gate_render_contains_gap" time="0.001" /><testcase classname="tests.test_618_b" name="test_poison_build_numbers" time="0.002" /><testcase classname="tests.test_619_a1" name="test_pareto_front_contains_true_escape" time="0.001" /><testcase classname="tests.test_619_a1" name="test_check_runs_clean" time="0.335" /><testcase classname="tests.test_618_b" name="test_poison_independence_level" time="0.002" /><testcase classname="tests.test_618_b" name="test_poison_render_contains_honest" time="0.001" /><testcase classname="tests.test_618_b" name="test_replay_build_numbers" time="0.002" /><testcase classname="tests.test_618_b" name="test_replay_independence_level" time="0.001" /><testcase classname="tests.test_618_b" name="test_replay_render_refute_zero" time="0.002" /><testcase classname="tests.test_619_gate" name="test_gate_tests_all_exist" time="0.665" /><testcase classname="tests.test_618_b" name="test_no_core_modification" time="0.001" /><testcase classname="tests.test_619_gate" name="test_controlled_clean_on_clean_tree" time="0.182" /><testcase classname="tests.test_618_c2" name="test_membership_gate_by_import" time="0.026" /><testcase classname="tests.test_620_a2" name="test_两次运行结果完全一致" time="0.780" /><testcase classname="tests.test_621_a1" name="test_multi_strategy_covers_three" time="0.687" /><testcase classname="tests.test_621_a1" name="test_dedup_unique_ids" time="0.003" /><testcase classname="tests.test_621_a1" name="test_safety_rails_reject_controlled_dirs" time="0.001" /><testcase classname="tests.test_621_a1" name="test_safety_rails_allow_data_mutation" time="0.001" /><testcase classname="tests.test_618_c2" name="test_membership_poison_by_name" time="0.009" /><testcase classname="tests.test_621_a1" name="test_write_to_controlled_dir_raises" time="0.001" /><testcase classname="tests.test_621_a1" name="test_format_validation" time="0.002" /><testcase classname="tests.test_621_a1" name="test_idempotent_generation" time="0.002" /><testcase classname="tests.test_621_a1" name="test_unknown_strategy_raises" time="0.001" /><testcase classname="tests.test_618_c2" name="test_membership_replay_by_import" time="0.010" /><testcase classname="tests.test_621_a1" name="test_write_jsonl_roundtrip" time="0.011" /><testcase classname="tests.test_618_c2" name="test_primary_snapshot_self_test" time="0.022" /><testcase classname="tests.test_621_a1" name="test_content_is_json_with_expected_keys" time="0.002" /><testcase classname="tests.test_621_a1" name="test_count_respected" time="0.001" /><testcase classname="tests.test_621_a1" name="test_count_capped_by_unique_capacity" time="0.003" /><testcase classname="tests.test_621_a1" name="test_selftest_passes" time="0.006" /><testcase classname="tests.test_621_a3" name="test_four_dimensions_present" time="0.742" /><testcase classname="tests.test_621_a2" name="test_round1_generated_50" time="0.004" /><testcase classname="tests.test_620_b3" name="test_report_renders" time="0.740" /><testcase classname="tests.test_618_c2" name="test_primary_unclassified" time="0.015" /><testcase classname="tests.test_620_b3" name="test_selftest_passes" time="0.008" /><testcase classname="tests.test_621_a2" name="test_round1_covers_all_three_strategies" time="0.004" /><testcase classname="tests.test_attack_round8_629" name="test_touched_rules_recorded_honestly" time="0.744" /><testcase classname="tests.test_621_a3" name="test_dedup_removes_duplicates" time="0.002" /><testcase classname="tests.test_add_check_batch_634" name="test_check_exit0[collect_reports.py]" time="1.098" /><testcase classname="tests.test_attack_round8_629" name="test_report_and_selftest" time="0.295"><failure message="assert 1 == 0&#10; +  where 1 = &lt;function selftest at 0x000001E72A326FC0&gt;()&#10; +    where &lt;function selftest at 0x000001E72A326FC0&gt; = R.selftest">def test_report_and_selftest():
        p = R.write_report()
        md = open(p, encoding="utf-8").read()
        for kw in ("判决分布", "触达规则", "零污染", "诚实登记", "局限"):
            assert kw in md, f"报告缺：{kw}"
&gt;       assert R.selftest() == 0
E       assert 1 == 0
E        +  where 1 = &lt;function selftest at 0x000001E72A326FC0&gt;()
E        +    where &lt;function selftest at 0x000001E72A326FC0&gt; = R.selftest

tests\test_attack_round8_629.py:64: AssertionError</failure></testcase><testcase classname="tests.test_621_a2" name="test_round1_format_valid" time="0.003" /><testcase classname="tests.test_621_a3" name="test_dedup_key_composition" time="0.001" /><testcase classname="tests.test_620_c2" name="test_append_and_query" time="0.027" /><testcase classname="tests.test_621_a2" name="test_round1_reproducible" time="0.005" /><testcase classname="tests.test_621_a3" name="test_attack_strength_mapping" time="0.003" /><testcase classname="tests.test_621_a2" name="test_prediction_integration" time="0.058" /><testcase classname="tests.test_618_c2" name="test_scan_and_summarize_membership" time="0.035" /><testcase classname="tests.test_621_a3" name="test_semantic_validity_rejects_bad" time="0.002" /><testcase classname="tests.test_622_a5" name="test_real_report_is_flat_zero" time="0.766" /><testcase classname="tests.test_621_a3" name="test_reproducibility_self_check" time="0.001" /><testcase classname="tests.test_add_check_batch_634" name="test_check_exit0[flashcard_export.py]" time="1.296" /><testcase classname="tests.test_621_a3" name="test_novelty_levels" time="0.002" /><testcase classname="tests.test_622_a5" name="test_render_contains_comparison" time="0.003" /><testcase classname="tests.test_621_a3" name="test_empty_input" time="0.001" /><testcase classname="tests.test_622_a5" name="test_json_artifact_matches" time="0.001" /><testcase classname="tests.test_622_a5" name="test_selftest_passes" time="0.005" /><testcase classname="tests.test_621_c3" name="test_sync_writes_abstain_state" time="0.835" /><testcase classname="tests.test_621_a3" name="test_top_n_respected" time="0.002" /><testcase classname="tests.test_621_a3" name="test_report_renders" time="0.002" /><testcase classname="tests.test_620_a2" name="test_窗口严格推进不重叠" time="0.049" /><testcase classname="tests.test_622_c2" name="test_extract_all_and_index" time="1.335" /><testcase classname="tests.test_620_c2" name="test_append_only_no_delete" time="0.029" /><testcase classname="tests.test_585_attack_regression_601" name="test_attack1_core_layer_detects_tampered_rule_definition" time="4.898" /><testcase classname="tests.test_621_a3" name="test_round1_artifact_evaluable" time="0.077" /><testcase classname="tests.test_622_c1" name="test_authority_approved_flips_undecided_to_supported" time="0.012" /><testcase classname="tests.test_622_c1" name="test_authority_pending_keeps_undecided" time="0.008" /><testcase classname="tests.test_authority_projection_compiler_626" name="test_readonly_ledger_unchanged" time="0.176" /><testcase classname="tests.test_622_c1" name="test_authority_rejected_gives_refuted" time="0.001" /><testcase classname="tests.test_618_c2" name="test_priority_gate_over_replay" time="0.840" /><testcase classname="tests.test_622_c1" name="test_priority_card_verdict_over_extracted_over_authority" time="0.001" /><testcase classname="tests.test_622_d2" name="test_labels_node_composition" time="0.812" /><testcase classname="tests.test_622_c1" name="test_hard_preconditions_still_first" time="0.003" /><testcase classname="tests.test_622_d2" name="test_30_decisions_are_same_direction_as_annotations" time="0.029" /><testcase classname="tests.test_anti_windup_642" name="test_budget_freezes_low_priority_only" time="0.816" /><testcase classname="tests.test_620_c2" name="test_hash_chain_verifies" time="0.050" /><testcase classname="tests.test_621_a2" name="test_prediction_is_deterministic" time="0.046" /><testcase classname="tests.test_622_c1" name="test_every_state_has_basis" time="0.002" /><testcase classname="tests.test_anti_windup_642" name="test_aging_boundary_and_unfreeze" time="0.002" /><testcase classname="tests.test_attack_edge_review_604" name="test_record_review_suspicious_short_reason" time="0.823" /><testcase classname="tests.test_622_c1" name="test_six_states_preserved" time="0.001" /><testcase classname="tests.test_attack_edge_review_604" name="test_record_review_agree_rate_alert" time="0.002" /><testcase classname="tests.test_anti_windup_642" name="test_bump_caps_at_top" time="0.001" /><testcase classname="tests.test_622_c1" name="test_authority_status_for_matching" time="0.002" /><testcase classname="tests.test_anti_windup_642" name="test_saturated_freezes_mid" time="0.001" /><testcase classname="tests.test_620_a3" name="test_六种权重全覆盖" time="0.002" /><testcase classname="tests.test_620_b1" name="test_batch_migration_all_pass" time="26.952" /><testcase classname="tests.test_attack_edge_review_604" name="test_record_review_trap_wrong" time="0.001" /><testcase classname="tests.test_620_a3" name="test_w1_重叠率为基准_none" time="0.002" /><testcase classname="tests.test_622_c1" name="test_authority_status_power_mapping" time="0.003" /><testcase classname="tests.test_621_c1" name="test_supported" time="0.838" /><testcase classname="tests.test_620_a3" name="test_w3_na_权重与_w1_排序一致" time="0.002" /><testcase classname="tests.test_anti_windup_642" name="test_normal_queue_admits" time="0.004" /><testcase classname="tests.test_621_c3" name="test_human_authority_untouched" time="0.069" /><testcase classname="tests.test_anti_windup_642" name="test_wait_proxy_is_monotonic" time="0.001" /><testcase classname="tests.test_620_a3" name="test_w6_帕累托无单一排名" time="0.002" /><testcase classname="tests.test_622_c1" name="test_classify_card_v2_real_atom_uses_authority" time="0.032" /><testcase classname="tests.test_621_c1" name="test_refuted" time="0.005" /><testcase classname="tests.test_618_c2" name="test_poison_named_but_imports_gate_counts_both" time="0.022" /><testcase classname="tests.test_attack_edge_review_604" name="test_save_and_load_audit_roundtrip" time="0.017" /><testcase classname="tests.test_620_a3" name="test_分布统计字段完整" time="0.002" /><testcase classname="tests.test_620_a3" name="test_确定性同输入同输出" time="0.002" /><testcase classname="tests.test_622_d2" name="test_compare_detects_difference_and_missing" time="0.027" /><testcase classname="tests.test_anti_windup_642" name="test_replay_is_readonly_and_selftest" time="0.019" /><testcase classname="tests.test_621_c1" name="test_undecided_missing_verdict" time="0.001" /><testcase classname="tests.test_620_a3" name="test_空输入不崩溃" time="0.001" /><testcase classname="tests.test_620_a3" name="test_真实基线_w2_真逃逸排第一" time="0.250" /><testcase classname="tests.test_619_gate" name="test_run_tool_checks_ok" time="0.003" /><testcase classname="tests.test_621_c1" name="test_undecided_infra_error" time="0.001" /><testcase classname="tests.test_621_c1" name="test_insufficient_evidence" time="0.001" /><testcase classname="tests.test_attack_edge_review_604" name="test_progress_summary_zero_initially" time="0.104" /><testcase classname="tests.test_621_c1" name="test_conflicted" time="0.001" /><testcase classname="tests.test_621_d2" name="test_consistency_unknown_when_missing_in_batch" time="0.858" /><testcase classname="tests.test_619_gate" name="test_run_tool_checks_detects_failure" time="0.003" /><testcase classname="tests.test_621_c1" name="test_stale_over_90_days" time="0.001" /><testcase classname="tests.test_add_check_batch_634" name="test_check_exit0[writer_selfcheck.py]" time="1.433" /><testcase classname="tests.test_621_d2" name="test_mirror_handling_reversed_pair" time="0.004" /><testcase classname="tests.test_619_gate" name="test_stubs_are_restored" time="0.039" /><testcase classname="tests.test_argument_audit_report_610" name="test_report_and_summary_agree_on_p1_counts" time="0.937" /><testcase classname="tests.test_621_a3" name="test_selftest_passes" time="0.004" /><testcase classname="tests.test_add_check_batch_634" name="test_check_exit0[prereq_topo_check.py]" time="1.201" /><testcase classname="tests.test_618_c4" name="test_build_has_entry" time="0.027" /><testcase classname="tests.test_append_only_611" name="test_no_trailing_newline_append_is_accepted" time="0.002" /><testcase classname="tests.test_621_d2" name="test_real_artifacts_analyze" time="0.025" /><testcase classname="tests.test_620_c2" name="test_tamper_detected" time="0.017" /><testcase classname="tests.test_621_c1" name="test_not_stale_within_90_days" time="0.001" /><testcase classname="tests.test_621_c1" name="test_priority_insufficient_beats_conflicted" time="0.001" /><testcase classname="tests.test_621_a4" name="test_to_v7_records_shape" time="0.044" /><testcase classname="tests.test_621_a2" name="test_predict_verdict_falls_back_to_strategy_prior" time="0.003" /><testcase classname="tests.test_append_only_611" name="test_with_trailing_newline_still_line_level" time="0.002" /><testcase classname="tests.test_append_only_611" name="test_empty_file_append" time="0.001" /><testcase classname="tests.test_append_only_611" name="test_negative_cases_still_blocked" time="0.001" /><testcase classname="tests.test_622_c1" name="test_v2_selftest_passes" time="0.004" /><testcase classname="tests.test_append_only_611" name="test_fast_and_slow_path_agree_on_small_space" time="0.001" /><testcase classname="tests.test_621_c1" name="test_six_states_and_four_abstain" time="0.001" /><testcase classname="tests.test_621_a2" name="test_round1_written_to_whitelisted_dir" time="0.001" /><testcase classname="tests.test_621_a2" name="test_selftest_passes" time="0.005" /><testcase classname="tests.test_append_only_611" name="test_check_reports_no_problem" time="0.005" /><testcase classname="tests.test_622_d2" name="test_action_power_mapping" time="0.001" /><testcase classname="tests.test_622_d2" name="test_authority_log_has_418_and_annotations_unchanged_388" time="0.011" /><testcase classname="tests.test_622_c2" name="test_extract_by_status" time="0.001" /><testcase classname="tests.test_621_c1" name="test_days_since_parsing" time="0.001" /><testcase classname="tests.test_621_c1" name="test_build_state_atom_and_evidence" time="0.001" /><testcase classname="tests.test_622_c2" name="test_extract_draft_with_observation_evidence" time="0.001" /><testcase classname="tests.test_622_c2" name="test_extract_draft_inference_falls_to_evidence_only" time="0.001" /><testcase classname="tests.test_621_c1" name="test_classify_card_real_atom" time="0.015" /><testcase classname="tests.test_append_only_611" name="test_real_merkle_roots_file_is_now_appendable" time="0.001" /><testcase classname="tests.test_argument_audit_610" name="test_fixture_verdicts_are_as_designed" time="0.001" /><testcase classname="tests.test_622_c2" name="test_extract_empty_is_undecided" time="0.001" /><testcase classname="tests.test_622_c2" name="test_card_verdict_field_takes_precedence" time="0.002" /><testcase classname="tests.test_620_c2" name="test_prev_hash_break_detected" time="0.022" /><testcase classname="tests.test_argument_audit_610" name="test_fixture_detectors_known_output" time="0.002" /><testcase classname="tests.test_auto_executor_whitelist_eval_642" name="test_judgment_surface_and_irreversible_are_rejected" time="0.002" /><testcase classname="tests.test_argument_audit_610" name="test_detect_unreviewed_edges" time="0.887" /><testcase classname="tests.test_auto_executor_whitelist_eval_642" name="test_hard_redlines_rejected" time="0.003" /><testcase classname="tests.test_attack_edge_generator_596" name="test_check_passes_then_catches_tampering" time="0.959" /><testcase classname="tests.test_argument_audit_610" name="test_fixture_credibility_gaps_semantics" time="0.001" /><testcase classname="tests.test_auto_executor_whitelist_eval_642" name="test_score_formula_is_recomputable" time="0.001" /><testcase classname="tests.test_auto_executor_whitelist_eval_642" name="test_gate_not_passed_defers_low_risk_candidates" time="0.002" /><testcase classname="tests.test_622_e2" name="test_real_v7_records_measurable" time="0.985" /><testcase classname="tests.test_622_c2" name="test_status_history_refuted_detected" time="0.003" /><testcase classname="tests.test_argument_audit_610" name="test_fixture_unreviewed_edges_detected" time="0.001" /><testcase classname="tests.test_618_c4" name="test_render_schema_and_counts" time="0.018" /><testcase classname="tests.test_621_c1" name="test_selftest_passes" time="0.005" /><testcase classname="tests.test_622_d2" name="test_selftest_passes" time="0.015" /><testcase classname="tests.test_argument_audit_610" name="test_detect_no_attacker_propositions" time="0.001" /><testcase classname="tests.test_argument_audit_610" name="test_detect_no_defender_mis" time="0.174" /><testcase classname="tests.test_621_d2" name="test_report_renders" time="0.015" /><testcase classname="tests.test_622_c2" name="test_discover_27_atoms" time="0.003" /><testcase classname="tests.test_argument_audit_610" name="test_detect_credibility_gaps" time="0.001" /><testcase classname="tests.test_argument_audit_610" name="test_authority_cross_source_consistent" time="0.133" /><testcase classname="tests.test_auto_executor_whitelist_eval_642" name="test_every_candidate_has_guardrails_rollback_and_reason" time="0.003" /><testcase classname="tests.test_auto_executor_whitelist_eval_642" name="test_honest_diff_and_selftest" time="0.003" /><testcase classname="tests.test_619_gate" name="test_selftest_passes" time="0.298" /><testcase classname="tests.test_621_gate" name="test_pytest_passes" time="17.960" /><testcase classname="tests.test_622_a3" name="test_root_cause_rule_blind_spot" time="0.904" /><testcase classname="tests.test_621_c2" name="test_classification_has_83_rows" time="0.008" /><testcase classname="tests.test_autoimmune_framework_629" name="test_clean_card_selection_is_read_only_and_complete" time="0.009" /><testcase classname="tests.test_622_a3" name="test_root_cause_evidence_ambiguity" time="0.001" /><testcase classname="tests.test_attack_mapping_629" name="test_layer_stats_reconcile" time="0.904" /><testcase classname="tests.test_621_d2" name="test_selftest_passes" time="0.004" /><testcase classname="tests.test_622_a3" name="test_suggestions_nonempty_and_actionable" time="0.002" /><testcase classname="tests.test_622_e1" name="test_weights_sum_to_one" time="0.001" /><testcase classname="tests.test_621_c3" name="test_still_valid_after_sync" time="0.059" /><testcase classname="tests.test_621_b1" name="test_downstream_jobs_still_depend_on_gate" time="1.021" /><testcase classname="tests.test_attack_mapping_629" name="test_report_written_with_stats" time="0.021" /><testcase classname="tests.test_622_a3" name="test_render_zero_and_escape_branches" time="0.001" /><testcase classname="tests.test_autoimmune_human_fill_helper_632" name="test_synthesize_and_main_check" time="0.031" /><testcase classname="tests.test_620_c2" name="test_invalid_decisions_rejected" time="0.021" /><testcase classname="tests.test_621_c2" name="test_distribution_supported_56_undecided_27" time="0.004" /><testcase classname="tests.test_622_e1" name="test_rule_complexity_monotonic" time="0.001" /><testcase classname="tests.test_622_e1" name="test_complexity_dims_and_range" time="0.001" /><testcase classname="tests.test_622_a3" name="test_analyze_real_results_is_zero_mode" time="0.050" /><testcase classname="tests.test_621_d3" name="test_removes_real_name" time="0.002" /><testcase classname="tests.test_618_c4" name="test_json_roundtrip" time="0.025" /><testcase classname="tests.test_621_a4" name="test_round2_runs_three_rounds" time="0.052" /><testcase classname="tests.test_622_e1" name="test_band_of" time="0.001" /><testcase classname="tests.test_621_d3" name="test_truncates_timestamp_to_date" time="0.001" /><testcase classname="tests.test_622_e1" name="test_is_detected_semantics" time="0.002" /><testcase classname="tests.test_621_c2" name="test_atoms_all_undecided_evidence_all_supported" time="0.006" /><testcase classname="tests.test_autoimmune_framework_629" name="test_rate_is_ratio_of_warned_cards" time="6.612" /><testcase classname="tests.test_621_d3" name="test_removes_chain_fields_by_default" time="0.002" /><testcase classname="tests.test_621_d3" name="test_pseudonym_stable_and_distinct" time="0.001" /><testcase classname="tests.test_621_d3" name="test_scrub_user_home_paths" time="0.001" /><testcase classname="tests.test_621_c2" name="test_rows_are_json_serializable_fields" time="0.007" /><testcase classname="tests.test_622_e1" name="test_measure_bands_and_horizon" time="0.008" /><testcase classname="tests.test_621_d3" name="test_residual_scan" time="0.001" /><testcase classname="tests.test_621_d3" name="test_anonymize_all_and_write" time="0.022" /><testcase classname="tests.test_622_e1" name="test_infra_error_excluded_from_denominator" time="0.001" /><testcase classname="tests.test_620_c2" name="test_empty_log" time="0.005" /><testcase classname="tests.test_622_e1" name="test_real_artifacts" time="0.002" /><testcase classname="tests.test_attack_mapping_629" name="test_selftest_passes" time="0.005" /><testcase classname="tests.test_621_c2" name="test_cross_with_pck_shows_inverse_relation" time="1.273" /><testcase classname="tests.test_622_e1" name="test_render_contains_horizon" time="0.001" /><testcase classname="tests.test_attack_objective_629" name="test_v7_pool_size" time="0.039" /><testcase classname="tests.test_618_c4" name="test_membership_consistency_with_c2" time="0.027" /><testcase classname="tests.test_620_c2" name="test_import_history_is_readonly_and_chained" time="11.169" /><testcase classname="tests.test_622_e1" name="test_selftest_passes" time="0.006" /><testcase classname="tests.test_backup" name="test_snapshot_copies_whitelist_and_marks_skipped" time="0.071" /><testcase classname="tests.test_622_e2" name="test_measure_records_adapter" time="0.001" /><testcase classname="tests.test_argument_audit_report_610" name="test_cli_report_and_summary" time="0.420" /><testcase classname="tests.test_622_e2" name="test_curve_covers_v1_to_v7" time="0.002" /><testcase classname="tests.test_621_a4" name="test_round2_deterministic" time="0.094" /><testcase classname="tests.test_622_e2" name="test_escape_rate_trend_down" time="0.002" /><testcase classname="tests.test_622_e2" name="test_denominator_excludes_na_and_equivalent" time="0.002" /><testcase classname="tests.test_621_d3" name="test_real_artifact_is_anonymous" time="0.006" /><testcase classname="tests.test_621_d3" name="test_report_renders" time="0.001" /><testcase classname="tests.test_attack_edge_review_604" name="test_progress_summary_after_approval" time="0.739" /><testcase classname="tests.test_622_a3" name="test_selftest_passes" time="0.004" /><testcase classname="tests.test_attack_edge_generator_596" name="test_cli_generate_stats_check_exit_codes" time="0.054" /><testcase classname="tests.test_621_c3" name="test_unmatched_marks_unknown" time="0.089" /><testcase classname="tests.test_618_e2" name="test_collect_ev_cards_sorts_and_limits" time="0.022" /><testcase classname="tests.test_621_d3" name="test_selftest_passes" time="0.005" /><testcase classname="tests.test_622_a4" name="test_v2_new_strategies_registered" time="0.002" /><testcase classname="tests.test_622_a4" name="test_op_applicable_schema_aware" time="0.001" /><testcase classname="tests.test_authority_projection_compiler_626" name="test_empty_ledger_handled" time="0.032" /><testcase classname="tests.test_621_gate" name="test_six_checks_registered" time="0.002" /><testcase classname="tests.test_622_a4" name="test_card_fields_reads_frontmatter" time="0.015" /><testcase classname="tests.test_attack_objective_629" name="test_ranking_is_deterministic_and_sorted" time="0.316" /><testcase classname="tests.test_622_e2" name="test_horizon_is_insensitive_across_versions" time="0.003" /><testcase classname="tests.test_621_gate" name="test_tool_lists" time="0.007" /><testcase classname="tests.test_622_e2" name="test_report_contains_curve_sections" time="0.002" /><testcase classname="tests.test_619_a2" name="test_analyze_top20_len" time="0.002" /><testcase classname="tests.test_619_a2" name="test_ranked_excludes_na_and_equivalent" time="0.002" /><testcase classname="tests.test_622_e2" name="test_selftest_passes" time="0.003" /><testcase classname="tests.test_619_a2" name="test_contract_mini" time="0.001" /><testcase classname="tests.test_621_gate" name="test_controlled_dirs_clean" time="0.285" /><testcase classname="tests.test_619_a2" name="test_pareto_front_vectors_deduped" time="0.001" /><testcase classname="tests.test_618_e2" name="test_build_has_30_when_enough" time="0.222" /><testcase classname="tests.test_619_a2" name="test_escape_rank_reported" time="0.002" /><testcase classname="tests.test_622_a4" name="test_generate_v2_deterministic" time="0.978" /><testcase classname="tests.test_619_a2" name="test_render_contains_contract_line" time="0.003" /><testcase classname="tests.test_619_a2" name="test_check_runs_clean" time="0.375" /><testcase classname="tests.test_622_e2" name="test_low_band_detect_rate_improved" time="0.003" /><testcase classname="tests.test_authority_projection_compiler_626" name="test_feature_flag_default_off" time="0.001" /><testcase classname="tests.test_authority_projection_compiler_626" name="test_compile_all_returns_five_projections" time="0.121" /><testcase classname="tests.test_a1_isolation_634" name="test_snapshot_captures" time="0.032" /><testcase classname="tests.test_backup" name="test_restore_recovers_content_and_keeps_bak" time="0.130" /><testcase classname="tests.test_attack_edge_generator_596" name="test_real_corpus_reproduces_594_numbers" time="0.160" /><testcase classname="tests.test_621_b1" name="test_ci_has_concurrency_safety_comment" time="0.002" /><testcase classname="tests.test_621_b1" name="test_no_core_tools_touched_by_this_fix" time="0.001" /><testcase classname="tests.test_bridge_edge_review_612" name="test_check_passes" time="0.027" /><testcase classname="tests.test_621_b2" name="test_dryrun_does_not_run_gates" time="0.005" /><testcase classname="tests.test_argument_audit_610" name="test_cli_basic_detectors" time="0.671" /><testcase classname="tests.test_619_b2" name="test_valid_cert_ok" time="0.001" /><testcase classname="tests.test_621_b2" name="test_dryrun_states_reason" time="0.001" /><testcase classname="tests.test_621_b2" name="test_historical_evidence_present" time="0.001" /><testcase classname="tests.test_619_b2" name="test_valid_cert_notes_honest" time="0.001" /><testcase classname="tests.test_621_b2" name="test_block_regex_parses" time="0.001" /><testcase classname="tests.test_619_b2" name="test_invalid_schema_version" time="0.002" /><testcase classname="tests.test_a1_isolation_634" name="test_restore_modified" time="0.134" /><testcase classname="tests.test_621_b2" name="test_hits_regex_parses" time="0.001" /><testcase classname="tests.test_621_b2" name="test_real_mode_requires_explicit_flag" time="0.001" /><testcase classname="tests.test_619_b2" name="test_empty_evidence_rejected" time="0.002" /><testcase classname="tests.test_621_b2" name="test_report_renders_dryrun_section" time="0.004" /><testcase classname="tests.test_619_b2" name="test_bad_claim_type_rejected" time="0.002" /><testcase classname="tests.test_bridge_edge_review_612" name="test_append_only_guard" time="0.045" /><testcase classname="tests.test_619_b2" name="test_negative_cs_rejected" time="0.002" /><testcase classname="tests.test_619_b2" name="test_missing_provenance_commit_rejected" time="0.001" /><testcase classname="tests.test_621_c3" name="test_idempotent" time="0.092" /><testcase classname="tests.test_619_b2" name="test_top_level_not_mapping" time="0.001" /><testcase classname="tests.test_619_b2" name="test_check_runs_clean" time="0.286" /><testcase classname="tests.test_621_b2" name="test_ci_yml_gate_needs_replay_still_present" time="0.106" /><testcase classname="tests.test_621_a4" name="test_round2_windows_advance" time="0.038" /><testcase classname="tests.test_argument_audit_610" name="test_detect_no_defender_nodes_total" time="0.037" /><testcase classname="tests.test_bridge_edge_review_612" name="test_unknown_candidate_rejected" time="0.011" /><testcase classname="tests.test_bridge_edge_review_612" name="test_real_log_empty_or_valid" time="0.003" /><testcase classname="tests.test_620_a3" name="test_各权重_top20_长度不超_top_n" time="0.002" /><testcase classname="tests.test_add_check_batch_634" name="test_check_exit0[compile_all.py]" time="0.399" /><testcase classname="tests.test_620_a3" name="test_selftest_通过" time="0.005" /><testcase classname="tests.test_621_a4" name="test_round2_no_new_escape_when_all_blocked" time="0.038" /><testcase classname="tests.test_build_reproducibility_deep_609" name="test_twelve_macros_with_classification" time="0.002" /><testcase classname="tests.test_620_a4" name="test_轮数与序列长度一致" time="0.001" /><testcase classname="tests.test_build_reproducibility_deep_609" name="test_nm_and_objdump_params" time="0.001" /><testcase classname="tests.test_argument_audit_610" name="test_detect_isolated_subgraphs" time="0.002" /><testcase classname="tests.test_620_a4" name="test_空输入不崩溃" time="0.001" /><testcase classname="tests.test_620_a4" name="test_累计等于各轮之和" time="0.001" /><testcase classname="tests.test_blind_review_backfill_627" name="test_append_to_ledger_not_called_in_check" time="0.014" /><testcase classname="tests.test_620_a4" name="test_等价变异不计入" time="0.001" /><testcase classname="tests.test_620_a4" name="test_已知逃逸不计入新发现" time="0.001" /><testcase classname="tests.test_620_a4" name="test_确定性同输入同输出" time="0.001" /><testcase classname="tests.test_620_a4" name="test_真实基线_vfdr_结构恒为零" time="0.110" /><testcase classname="tests.test_build_reproducibility_deep_609" name="test_diff_identical_and_one_byte_change" time="0.053" /><testcase classname="tests.test_authority_projection_compiler_626" name="test_integration_with_decision_event_v2" time="0.018" /><testcase classname="tests.test_blind_review_execution_pack_627" name="test_top10_generated" time="0.007" /><testcase classname="tests.test_blind_review_execution_pack_627" name="test_blindness_no_leak" time="0.003" /><testcase classname="tests.test_621_a4" name="test_round2_empty_input" time="0.039" /><testcase classname="tests.test_blind_review_execution_pack_627" name="test_blank_decision_slot" time="0.004" /><testcase classname="tests.test_backup" name="test_restore_refuses_dir_without_manifest" time="0.013" /><testcase classname="tests.test_blind_review_execution_pack_627" name="test_uses_real_ledger_source" time="0.003" /><testcase classname="tests.test_authority_schema_v2_626" name="test_five_review_methods" time="0.001" /><testcase classname="tests.test_blind_review_v1_626" name="test_selftest_passes" time="0.055" /><testcase classname="tests.test_authority_schema_v2_626" name="test_four_decision_origins" time="0.001" /><testcase classname="tests.test_621_c3" name="test_real_83_certs_sync" time="1.140" /><testcase classname="tests.test_authority_schema_v2_626" name="test_622_thirty_items_not_independent" time="0.001" /><testcase classname="tests.test_authority_schema_v2_626" name="test_only_blind_or_second_review_counts" time="0.001" /><testcase classname="tests.test_authority_schema_v2_626" name="test_legacy_mapping" time="0.002" /><testcase classname="tests.test_621_b2" name="test_selftest_passes" time="0.003" /><testcase classname="tests.test_authority_schema_v2_626" name="test_validate_event" time="0.002" /><testcase classname="tests.test_621_b3" name="test_writer_detected" time="0.002" /><testcase classname="tests.test_authority_schema_v2_626" name="test_selftest_passes" time="0.009" /><testcase classname="tests.test_621_b3" name="test_reader_detected" time="0.002" /><testcase classname="tests.test_621_b3" name="test_good_config_passes" time="0.002" /><testcase classname="tests.test_build_reproducibility_deep_609" name="test_diff_detects_length_only_divergence" time="0.037" /><testcase classname="tests.test_621_b3" name="test_missing_needs_violation" time="0.002" /><testcase classname="tests.test_621_b3" name="test_transitive_needs_satisfies" time="0.011" /><testcase classname="tests.test_621_a4" name="test_selftest_passes" time="0.006" /><testcase classname="tests.test_authority_to_annotations_sync_623" name="test_power_map" time="0.005" /><testcase classname="tests.test_backup" name="test_cleanup_keeps_recent_and_skips_foreign_dirs" time="2.301" /><testcase classname="tests.test_a1_isolation_634" name="test_restore_deletes_new" time="0.369" /><testcase classname="tests.test_authority_to_annotations_sync_623" name="test_sync_adds_new_edge" time="0.050" /><testcase classname="tests.test_621_b1" name="test_ci_yml_parses" time="0.101" /><testcase classname="tests.test_621_b3" name="test_empty_jobs_ok" time="0.001" /><testcase classname="tests.test_620_a1" name="test_determinism_同输入同输出" time="0.002" /><testcase classname="tests.test_621_b3" name="test_real_ci_yml_passes" time="0.162" /><testcase classname="tests.test_620_a1" name="test_空输入不崩溃" time="0.001" /><testcase classname="tests.test_620_a1" name="test_单轮与多轮轮数正确" time="0.001" /><testcase classname="tests.test_620_a1" name="test_窗口逐轮推进不重叠" time="0.001" /><testcase classname="tests.test_620_a1" name="test_vfdr_事件被登记为_triaged" time="0.001" /><testcase classname="tests.test_add_check_batch_634" name="test_check_exit0[prop_asof.py]" time="0.374" /><testcase classname="tests.test_620_a1" name="test_等效变异被剔出_ranked" time="0.001" /><testcase classname="tests.test_620_a1" name="test_w3_na_权重与_w1_排序一致" time="0.002" /><testcase classname="tests.test_attack_edge_review_596" name="test_approve_appends_one_record" time="0.548" /><testcase classname="tests.test_620_a1" name="test_w6_帕累托无权重仍可运行" time="0.001" /><testcase classname="tests.test_620_a1" name="test_排名给出已知逃逸位置" time="0.001" /><testcase classname="tests.test_620_a1" name="test_报告渲染含关键字段" time="0.001" /><testcase classname="tests.test_618_e2" name="test_detect_mirror_edge" time="0.045" /><testcase classname="tests.test_620_a1" name="test_selftest_通过" time="0.003" /><testcase classname="tests.test_blind_review_v1_626" name="test_start_session_and_pass_a" time="0.014" /><testcase classname="tests.test_620_a2" name="test_真实基线可加载且规模正确" time="0.041" /><testcase classname="tests.test_blind_review_v1_626" name="test_pass_a_forbids_ai_recommendation" time="0.001" /><testcase classname="tests.test_620_a4" name="test_真实基线_已知逃逸命中_w1_晚于_w2" time="0.106" /><testcase classname="tests.test_blind_review_v1_626" name="test_reveal_and_pass_b" time="0.002" /><testcase classname="tests.test_blind_review_v1_626" name="test_changed_after_reveal" time="0.001" /><testcase classname="tests.test_build_reproducibility_deep_609" name="test_cli_exit_codes_and_missing_file" time="0.079" /><testcase classname="tests.test_blind_review_v1_626" name="test_consistency_stats" time="0.002" /><testcase classname="tests.test_authority_to_annotations_sync_623" name="test_sync_idempotent" time="0.017" /><testcase classname="tests.test_blind_review_v1_626" name="test_view_digest_stable_and_distinct" time="0.002" /><testcase classname="tests.test_blind_review_v1_626" name="test_export_import_roundtrip" time="0.027" /><testcase classname="tests.test_authority_to_annotations_sync_623" name="test_newer_overrides_action" time="0.036" /><testcase classname="tests.test_618_e2" name="test_build_marks_mirror" time="0.072" /><testcase classname="tests.test_620_a2" name="test_w1_三轮可复现_已知逃逸排57" time="0.053" /><testcase classname="tests.test_621_gate" name="test_new_tools_all_pass" time="3.440" /><testcase classname="tests.test_blind_review_v1_626" name="test_authority_integration_interface" time="0.002" /><testcase classname="tests.test_blind_review_v1_626" name="test_example_data_generated_and_marked" time="0.003" /><testcase classname="tests.test_blind_review_v1_626" name="test_illegal_decision_rejected" time="0.001" /><testcase classname="tests.test_boundary_backfill_639" name="test_verified_cards_is_23" time="0.015" /><testcase classname="tests.test_621_b1" name="test_gate_needs_replay" time="0.088" /><testcase classname="tests.test_authority_v2_e2e_627" name="test_all_five_projections_listed" time="3.436" /><testcase classname="tests.test_attack_objective_629" name="test_score_is_product_of_rounded_components" time="0.131" /><testcase classname="tests.test_build_reproducibility_deep_609" name="test_kernel_macros_are_not_env_noise" time="0.001" /><testcase classname="tests.test_build_reproducibility_deep_609" name="test_check_and_report" time="0.005" /><testcase classname="tests.test_control_char_cleaner_626" name="test_fix_idempotent" time="0.013" /><testcase classname="tests.test_add_check_batch_634" name="test_check_exit0[gen_mkdocs_nav.py]" time="0.476" /><testcase classname="tests.test_build_reproducibility_metrics_603" name="test_collect_fields_and_aggregation" time="0.021" /><testcase classname="tests.test_control_char_cleaner_626" name="test_repo_data_has_no_control_chars_now" time="148.897" /><testcase classname="tests.test_620_a2" name="test_w2_三轮可复现_已知逃逸排1_且首轮即命中" time="0.044" /><testcase classname="tests.test_622_c2" name="test_artifact_matches_tool" time="0.002" /><testcase classname="tests.test_build_reproducibility_metrics_603" name="test_collect_empty_cards" time="0.008" /><testcase classname="tests.test_622_c2" name="test_report_renders" time="0.508" /><testcase classname="tests.test_620_a4" name="test_报告渲染含汇总表" time="0.001" /><testcase classname="tests.test_620_a4" name="test_selftest_通过" time="0.002" /><testcase classname="tests.test_baseline_635" name="test_counts" time="0.012" /><testcase classname="tests.test_619_b3" name="test_ten_pilot_cards_exist" time="0.002" /><testcase classname="tests.test_618_e2" name="test_render_markdown_contains_header" time="0.051" /><testcase classname="tests.test_619_b3" name="test_sample_cert_validates" time="0.275" /><testcase classname="tests.test_calibration_tracker_636" name="test_rows" time="0.004" /><testcase classname="tests.test_calibration_tracker_636" name="test_no_data" time="0.003" /><testcase classname="tests.test_baseline_635" name="test_rules" time="0.001" /><testcase classname="tests.test_baseline_635" name="test_atom_stats" time="0.017" /><testcase classname="tests.test_argument_audit_report_610" name="test_report_is_idempotent" time="0.085" /><testcase classname="tests.test_calibration_tracker_636" name="test_observation" time="0.004" /><testcase classname="tests.test_621_b3" name="test_real_ci_yml_has_concurrency_safety_job" time="0.078" /><testcase classname="tests.test_calibration_tracker_636" name="test_ece" time="0.001" /><testcase classname="tests.test_contamination_drill_635" name="test_channels" time="0.001" /><testcase classname="tests.test_contamination_drill_635" name="test_controller" time="0.001" /><testcase classname="tests.test_620_a2" name="test_w1_需三轮才命中已知逃逸" time="0.050" /><testcase classname="tests.test_contamination_drill_635" name="test_classify" time="0.001" /><testcase classname="tests.test_contamination_drill_635" name="test_evidence_cards" time="0.067" /><testcase classname="tests.test_619_a3" name="test_all_transition_targets_valid" time="0.001" /><testcase classname="tests.test_baseline_635" name="test_metrics_readable" time="0.025" /><testcase classname="tests.test_619_a3" name="test_invalid_transition_rejected" time="0.001" /><testcase classname="tests.test_621_b1" name="test_replay_does_not_need_gate" time="0.124" /><testcase classname="tests.test_619_a3" name="test_determinism" time="0.002" /><testcase classname="tests.test_619_a3" name="test_simulate_close" time="0.001" /><testcase classname="tests.test_619_a3" name="test_seed_lessons_reach_closed" time="0.001" /><testcase classname="tests.test_619_a3" name="test_illegal_event_raises" time="0.001" /><testcase classname="tests.test_authority_v2_e2e_627" name="test_v2_summaries_nonempty" time="3.542" /><testcase classname="tests.test_618_gate" name="test_controlled_clean_real_repo" time="0.267" /><testcase classname="tests.test_baseline_635" name="test_snapshot" time="0.996" /><testcase classname="tests.test_620_a2" name="test_闭环零新逃逸_结构必然" time="0.102" /><testcase classname="tests.test_attack_objective_629" name="test_escaped_gets_max_disagreement" time="0.002" /><testcase classname="tests.test_attack_objective_629" name="test_target_rule_reverse_extraction" time="0.001" /><testcase classname="tests.test_attack_objective_629" name="test_outputs_and_selftest" time="0.574" /><testcase classname="tests.test_621_b3" name="test_report_renders" time="0.002" /><testcase classname="tests.test_add_check_batch_634" name="test_check_exit0[xref_check.py]" time="0.425" /><testcase classname="tests.test_621_b3" name="test_selftest_passes" time="0.105" /><testcase classname="tests.test_contamination_drill_635" name="test_drill" time="0.042" /><testcase classname="tests.test_argument_fragmentation_613" name="test_projection_numbers" time="0.159" /><testcase classname="tests.test_contamination_drill_635" name="test_selftest" time="0.080" /><testcase classname="tests.test_add_check_batch_634" name="test_check_exit0[compile_classify.py]" time="0.338" /><testcase classname="tests.test_autoimmune_hotspot_scanner_643" name="test_assess_shape" time="6.879" /><testcase classname="tests.test_coverage_gap_scanner_643" name="test_known_blind_spot_detected" time="0.001" /><testcase classname="tests.test_coverage_gap_scanner_643" name="test_full_coverage_reports_nothing" time="0.002" /><testcase classname="tests.test_coverage_gap_scanner_643" name="test_matrix_dimensions" time="6.455" /><testcase classname="tests.test_cli_tools_check_624" name="test_all_three_have_check_flag" time="0.850" /><testcase classname="tests.test_a1_isolation_634" name="test_restore_noop" time="0.149" /><testcase classname="tests.test_contamination_tracker_636" name="test_candidates" time="0.359" /><testcase classname="tests.test_add_check_batch_634" name="test_check_exit0[prop_closure.py]" time="0.404" /><testcase classname="tests.test_argument_fragmentation_613" name="test_effective_is_zero_because_no_human_review" time="0.003" /><testcase classname="tests.test_argument_fragmentation_613" name="test_no_verdict_change_in_projection" time="0.126" /><testcase classname="tests.test_619_b3" name="test_sample_cert_honest_notes" time="0.217" /><testcase classname="tests.test_618_gate" name="test_controlled_clean_detects" time="0.001" /><testcase classname="tests.test_618_gate" name="test_collect_tests_present" time="0.004" /><testcase classname="tests.test_618_gate" name="test_run_tests_invokes_pytest" time="0.002" /><testcase classname="tests.test_618_gate" name="test_check_tools_all_exist" time="0.002" /><testcase classname="tests.test_618_gate" name="test_run_tool_checks_ok" time="0.005" /><testcase classname="tests.test_a1_isolation_634" name="test_big_file_presence_only" time="0.014" /><testcase classname="tests.test_618_gate" name="test_run_tool_checks_detects_failure" time="0.004" /><testcase classname="tests.test_attack_edge_review_604" name="test_feedback_summary_empty" time="0.001" /><testcase classname="tests.test_618_gate" name="test_stubs_are_restored" time="0.004" /><testcase classname="tests.test_argument_audit_610" name="test_check_consistency_strict" time="0.411" /><testcase classname="tests.test_a1_isolation_634" name="test_fixture_registered" time="0.002" /><testcase classname="tests.test_619_a1" name="test_weights_sum_is_one" time="0.005" /><testcase classname="tests.test_attack_edge_review_604" name="test_feedback_summary_with_rejects" time="0.270" /><testcase classname="tests.test_add_check_batch_634" name="test_targets_frozen" time="0.002" /><testcase classname="tests.test_619_a1" name="test_declared_5_subgoals_4_computable" time="0.001" /><testcase classname="tests.test_add_check_batch_634" name="test_all_have_check_guard" time="0.091" /><testcase classname="tests.test_619_a1" name="test_determinism" time="0.002" /><testcase classname="tests.test_coverage_probe_batch_634" name="test_matrix_coverage" time="0.003" /><testcase classname="tests.test_coverage_probe_batch_634" name="test_some_mechanism_present" time="0.046" /><testcase classname="tests.test_argument_fragmentation_613" name="test_report_distinguishes_real_from_projection" time="0.134" /><testcase classname="tests.test_attack_edge_review_596" name="test_reject_and_modify_records" time="0.630" /><testcase classname="tests.test_coverage_probe_batch_634" name="test_selftest" time="0.041" /><testcase classname="tests.test_add_check_batch_634" name="test_check_exit0[golden_lock.py]" time="0.355" /><testcase classname="tests.test_attack_surface_axes_630" name="test_all_35_annotated_with_legal_values" time="0.004" /><testcase classname="tests.test_attack_surface_axes_630" name="test_annotation_rules_are_deterministic" time="0.001" /><testcase classname="tests.test_attack_surface_axes_630" name="test_scheduling_axis_keywords" time="0.001" /><testcase classname="tests.test_attack_surface_axes_630" name="test_matrix_counts_reconcile" time="0.001" /><testcase classname="tests.test_attack_surface_axes_630" name="test_layer_prefixes_in_cells" time="0.002" /><testcase classname="tests.test_attack_surface_axes_630" name="test_report_and_selftest" time="0.046" /><testcase classname="tests.test_add_check_batch_634" name="test_check_exit0[adversarial_regression.py]" time="0.302" /><testcase classname="tests.test_coverage_probe_batch_634" name="test_wrapper_check_exit0[coverage_probe_L1_1_634.py]" time="0.291" /><testcase classname="tests.test_add_check_batch_634" name="test_check_exit0[compile_gate.py]" time="0.310" /><testcase classname="tests.test_619_b3" name="test_generated_certs_all_present_and_valid" time="0.090" /><testcase classname="tests.test_622_c2" name="test_selftest_passes" time="0.986" /><testcase classname="tests.test_attack_taxonomy_629" name="test_eight_layers_and_scale" time="0.001" /><testcase classname="tests.test_attack_taxonomy_629" name="test_vector_ids_unique_and_wellformed" time="0.002" /><testcase classname="tests.test_attack_taxonomy_629" name="test_risk_and_coverage_fields_consistent" time="0.001" /><testcase classname="tests.test_attack_taxonomy_629" name="test_layer_stats_reconcile" time="0.001" /><testcase classname="tests.test_add_check_batch_634" name="test_check_does_not_write" time="2.027" /><testcase classname="tests.test_attack_taxonomy_629" name="test_report_written" time="0.019" /><testcase classname="tests.test_argument_fragmentation_613" name="test_check_passes" time="0.133" /><testcase classname="tests.test_attack_taxonomy_629" name="test_selftest_passes" time="0.004" /><testcase classname="tests.test_authority_projection_compiler_626" name="test_selftest_passes" time="0.183" /><testcase classname="tests.test_contamination_tracker_636" name="test_target" time="0.349" /><testcase classname="tests.test_619_b3" name="test_check_runs_clean" time="0.521" /><testcase classname="tests.test_attack_edge_review_604" name="test_cli_queue_json" time="0.065" /><testcase classname="tests.test_622_a4" name="test_round2_uses_new_ops_and_no_v7_overlap" time="0.028" /><testcase classname="tests.test_add_check_batch_634" name="test_check_exit0[prop_graph.py]" time="0.475" /><testcase classname="tests.test_622_a4" name="test_round2_results_shape" time="0.002" /><testcase classname="tests.test_622_a4" name="test_round2_no_escape_and_new_taxonomy_present" time="0.002" /><testcase classname="tests.test_argument_graph_analysis_611" name="test_components_match_known_facts" time="0.055" /><testcase classname="tests.test_622_a4" name="test_plan_edit_supports_M8_M9" time="0.002" /><testcase classname="tests.test_attack_quality_evaluator_643" name="test_wilson" time="0.001" /><testcase classname="tests.test_622_a4" name="test_new_nonblock_field_recorded" time="0.009" /><testcase classname="tests.test_attack_quality_evaluator_643" name="test_effective_rate_excludes_noop" time="0.001" /><testcase classname="tests.test_attack_quality_evaluator_643" name="test_impact_rate" time="0.001" /><testcase classname="tests.test_attack_quality_evaluator_643" name="test_oracle_hit_rate" time="0.002" /><testcase classname="tests.test_attack_quality_evaluator_643" name="test_evaded_is_not_oracle_hit" time="0.002" /><testcase classname="tests.test_622_a4" name="test_selftest_passes" time="0.011"><failure message="assert 1 == 0&#10; +  where 1 = &lt;function selftest at 0x000001F9AC8EDC60&gt;()&#10; +    where &lt;function selftest at 0x000001F9AC8EDC60&gt; = SA.selftest">def test_selftest_passes():
&gt;       assert SA.selftest() == 0
E       assert 1 == 0
E        +  where 1 = &lt;function selftest at 0x000001F9AC8EDC60&gt;()
E        +    where &lt;function selftest at 0x000001F9AC8EDC60&gt; = SA.selftest

tests\test_622_a4.py:98: AssertionError</failure></testcase><testcase classname="tests.test_attack_quality_evaluator_643" name="test_direction_specific_rates" time="0.002" /><testcase classname="tests.test_attack_quality_evaluator_643" name="test_empty_input" time="0.001" /><testcase classname="tests.test_attack_quality_evaluator_643" name="test_small_sample_not_significant" time="0.001" /><testcase classname="tests.test_attack_edge_review_604" name="test_cli_progress_json" time="0.064" /><testcase classname="tests.test_attack_quality_evaluator_643" name="test_suggestions_and_selftest" time="0.003" /><testcase classname="tests.test_attack_round8_629" name="test_mutation_contract_for_sandbox" time="0.002" /><testcase classname="tests.test_attack_round8_629" name="test_saved_run_has_20_rows" time="0.002" /><testcase classname="tests.test_attack_round8_629" name="test_distribution_reconciles_with_rows" time="0.002" /><testcase classname="tests.test_attack_round8_629" name="test_zero_escape_and_repo_clean" time="0.190"><failure message="AssertionError: assert not True&#10; +  where True = &lt;built-in function _path_exists&gt;('C:\\CodeLearnling\\note\\note\\C++\\CPP-Bible\\data\\.622_apply.lock')&#10; +    where &lt;built-in function _path_exists&gt; = &lt;module 'ntpath' (frozen)&gt;.exists&#10; +      where &lt;module 'ntpath' (frozen)&gt; = os.path&#10; +    and   'C:\\CodeLearnling\\note\\note\\C++\\CPP-Bible\\data\\.622_apply.lock' = &lt;function join at 0x000001C96D1BF920&gt;('C:\\CodeLearnling\\note\\note\\C++\\CPP-Bible', 'data', '.622_apply.lock')&#10; +      where &lt;function join at 0x000001C96D1BF920&gt; = &lt;module 'ntpath' (frozen)&gt;.join&#10; +        where &lt;module 'ntpath' (frozen)&gt; = os.path&#10; +      and   'C:\\CodeLearnling\\note\\note\\C++\\CPP-Bible' = R.ROOT">def test_zero_escape_and_repo_clean():
        d = R.load_saved()
        assert d["escaped"] == [], "第八轮目标：零逃逸"
        assert not R.repo_dirty_controlled(), f"受控目录必须零污染：{R.repo_dirty_controlled()}"
&gt;       assert not os.path.exists(os.path.join(R.ROOT, "data", ".622_apply.lock"))
E       AssertionError: assert not True
E        +  where True = &lt;built-in function _path_exists&gt;('C:\\CodeLearnling\\note\\note\\C++\\CPP-Bible\\data\\.622_apply.lock')
E        +    where &lt;built-in function _path_exists&gt; = &lt;module 'ntpath' (frozen)&gt;.exists
E        +      where &lt;module 'ntpath' (frozen)&gt; = os.path
E        +    and   'C:\\CodeLearnling\\note\\note\\C++\\CPP-Bible\\data\\.622_apply.lock' = &lt;function join at 0x000001C96D1BF920&gt;('C:\\CodeLearnling\\note\\note\\C++\\CPP-Bible', 'data', '.622_apply.lock')
E        +      where &lt;function join at 0x000001C96D1BF920&gt; = &lt;module 'ntpath' (frozen)&gt;.join
E        +        where &lt;module 'ntpath' (frozen)&gt; = os.path
E        +      and   'C:\\CodeLearnling\\note\\note\\C++\\CPP-Bible' = R.ROOT

tests\test_attack_round8_629.py:46: AssertionError</failure></testcase><testcase classname="tests.test_argument_graph_analysis_611" name="test_isolated_nodes_are_all_propositions" time="0.110" /><testcase classname="tests.test_authority_projection_compiler_626" name="test_w2_projection_computable" time="0.025" /><testcase classname="tests.test_authority_projection_compiler_626" name="test_w2_projection_vs_grounded_labels_deviation_registered" time="0.023" /><testcase classname="tests.test_attack_edge_review_604" name="test_cli_feedback_json" time="0.025" /><testcase classname="tests.test_add_check_batch_634" name="test_check_exit0[artifact_version_stamp.py]" time="0.332" /><testcase classname="tests.test_argument_audit_610" name="test_check_red_when_premise_changes" time="0.042" /><testcase classname="tests.test_coverage_probe_batch_634" name="test_wrapper_check_exit0[coverage_probe_L1_3_634.py]" time="0.326" /><testcase classname="tests.test_authority_projection_compiler_626" name="test_pck_projection_all_83" time="0.047" /><testcase classname="tests.test_attack_gap_scanner_643" name="test_depth_monotonic" time="0.001" /><testcase classname="tests.test_attack_gap_scanner_643" name="test_no_probe_but_real_event" time="0.001" /><testcase classname="tests.test_add_check_batch_634" name="test_check_exit0[governance_doc_guard.py]" time="0.305" /><testcase classname="tests.test_attack_gap_scanner_643" name="test_depth1_reason_mentions_structural_only" time="0.001" /><testcase classname="tests.test_attack_gap_scanner_643" name="test_depth2_reason_mentions_unverified" time="0.004" /><testcase classname="tests.test_attack_gap_scanner_643" name="test_all_vectors_and_depth_distribution" time="1.690" /><testcase classname="tests.test_add_check_batch_634" name="test_check_exit0[compile_run_sanitize_pipeline.py]" time="0.406" /><testcase classname="tests.test_authority_projection_compiler_626" name="test_pck_projection_has_both_policies" time="0.050" /><testcase classname="tests.test_argument_graph_analysis_611" name="test_check_locks_structure_and_report_is_reproducible" time="0.128" /><testcase classname="tests.test_argument_audit_610" name="test_check_red_when_product_missing" time="0.123" /><testcase classname="tests.test_621_c2" name="test_classify_all_is_deterministic" time="0.080" /><testcase classname="tests.test_authority_projection_compiler_626" name="test_pck_cross_granularity_warning" time="0.043" /><testcase classname="tests.test_authority_projection_compiler_626" name="test_determinism" time="0.090" /><testcase classname="tests.test_argument_audit_advanced_610" name="test_detect_high_modify_ratio_mis" time="0.011" /><testcase classname="tests.test_contamination_tracker_636" name="test_downstream" time="0.380" /><testcase classname="tests.test_621_c2" name="test_write_jsonl_roundtrip" time="0.051" /><testcase classname="tests.test_argument_audit_advanced_610" name="test_detect_rubber_stamp_risk" time="0.017" /><testcase classname="tests.test_621_c3" name="test_report_renders" time="0.045" /><testcase classname="tests.test_argument_audit_advanced_610" name="test_detect_topic_imbalance" time="0.013" /><testcase classname="tests.test_atom_coverage_map" name="test_doc_diff_catches_hand_copied_total" time="0.049" /><testcase classname="tests.test_argument_audit_advanced_610" name="test_detect_proposition_overload" time="0.003" /><testcase classname="tests.test_argument_audit_advanced_610" name="test_detect_mis_overload" time="0.004" /><testcase classname="tests.test_argument_audit_advanced_610" name="test_detect_cycle_arguments" time="0.003" /><testcase classname="tests.test_621_c2" name="test_selftest_passes" time="0.002" /><testcase classname="tests.test_621_c3" name="test_selftest_passes" time="0.189" /><testcase classname="tests.test_argument_audit_advanced_610" name="test_cli_high_modify" time="0.250" /><testcase classname="tests.test_bkt_solver_612" name="test_check_passes" time="0.006" /><testcase classname="tests.test_blind_protocol_636" name="test_steps" time="0.001" /><testcase classname="tests.test_blind_protocol_636" name="test_inject" time="0.002" /><testcase classname="tests.test_blind_protocol_636" name="test_reveal" time="0.001" /><testcase classname="tests.test_blind_protocol_636" name="test_violations" time="0.023" /><testcase classname="tests.test_authority_projection_compiler_626" name="test_traceability" time="0.021" /><testcase classname="tests.test_atom_coverage_map" name="test_doc_diff_accepts_bold_and_matching_total" time="0.029" /><testcase classname="tests.test_blind_protocol_636" name="test_disagreement" time="0.002" /><testcase classname="tests.test_d5_bench_resolution_613" name="test_source_integrity_exit_zero" time="1.105" /><testcase classname="tests.test_blind_protocol_636" name="test_selftest" time="0.014" /><testcase classname="tests.test_attack_edge_review_596" name="test_append_only_history_same_edge_twice" time="0.801" /><testcase classname="tests.test_baseline_635" name="test_selftest" time="0.162" /><testcase classname="tests.test_compiler_probe_644" name="test_output_correct" time="2.774" /><testcase classname="tests.test_blind_protocol_642" name="test_blinding_is_reversible" time="0.002" /><testcase classname="tests.test_blind_protocol_642" name="test_ai_recommendation_not_visible_while_blind" time="0.001" /><testcase classname="tests.test_blind_protocol_642" name="test_reveal_then_disagreement_rate" time="0.001" /><testcase classname="tests.test_blind_protocol_642" name="test_rate_is_none_without_revealed_items" time="0.001" /><testcase classname="tests.test_blind_protocol_642" name="test_only_item_blind_requires_blinding" time="0.001" /><testcase classname="tests.test_atom_coverage_map" name="test_fix_doc_is_byte_safe_keeps_bold_and_edits_one_line" time="0.057" /><testcase classname="tests.test_blind_protocol_642" name="test_reveal_detects_corruption" time="0.001" /><testcase classname="tests.test_blind_protocol_642" name="test_history_scan_is_readonly" time="0.037" /><testcase classname="tests.test_add_check_batch_634" name="test_check_exit0[gray_zone_scan.py]" time="0.465" /><testcase classname="tests.test_add_check_batch_634" name="test_check_exit0[asm_prepush_guard.py]" time="0.303" /><testcase classname="tests.test_coverage_probe_batch_634" name="test_wrapper_check_exit0[coverage_probe_L1_4_634.py]" time="0.321" /><testcase classname="tests.test_atom_coverage_map" name="test_density_is_not_rounded_during_aggregation" time="0.001" /><testcase classname="tests.test_blind_protocol_642" name="test_selftest" time="0.017" /><testcase classname="tests.test_619_b4" name="test_render_has_title_and_badge" time="0.001" /><testcase classname="tests.test_619_b4" name="test_render_honest_notes" time="0.001" /><testcase classname="tests.test_attack_edge_generator_596" name="test_generate_makes_paired_edges_with_full_fields" time="0.054" /><testcase classname="tests.test_619_b4" name="test_render_negative_tests_table" time="0.001" /><testcase classname="tests.test_619_b4" name="test_render_failure_badge" time="0.002" /><testcase classname="tests.test_add_check_batch_634" name="test_check_exit0[prose_density.py]" time="0.371" /><testcase classname="tests.test_619_b4" name="test_check_runs_clean" time="0.319" /><testcase classname="tests.test_blind_review_backfill_627" name="test_build_entry_valid" time="0.001" /><testcase classname="tests.test_blind_review_backfill_627" name="test_stage_does_not_touch_ledger" time="0.005" /><testcase classname="tests.test_blind_review_backfill_627" name="test_load_decisions_from_unfilled_pack_empty" time="0.006" /><testcase classname="tests.test_doc_lint" name="test_id_not_mistaken_as_rule" time="0.026" /><testcase classname="tests.test_621_d1" name="test_parse_615_30_rows" time="0.003" /><testcase classname="tests.test_621_d1" name="test_all_proposals_pending_not_decisions" time="0.004" /><testcase classname="tests.test_621_d1" name="test_suggestion_mapping" time="0.007" /><testcase classname="tests.test_doc_lint" name="test_placeholder_and_wildcard_skipped" time="0.069" /><testcase classname="tests.test_attack_edge_generator_596" name="test_confidence_grading_high_medium_low" time="0.153" /><testcase classname="tests.test_621_d1" name="test_proposal_ids_unique_and_sequential" time="0.003" /><testcase classname="tests.test_add_check_batch_634" name="test_check_exit0[consistency_check.py]" time="0.318" /><testcase classname="tests.test_621_d1" name="test_decision_log_not_written" time="0.019" /><testcase classname="tests.test_baseline_636" name="test_rules" time="0.002" /><testcase classname="tests.test_baseline_636" name="test_coverage" time="0.003" /><testcase classname="tests.test_baseline_636" name="test_grounding" time="0.002" /><testcase classname="tests.test_621_d1" name="test_output_file_exists_and_is_pending" time="0.031" /><testcase classname="tests.test_baseline_636" name="test_defeater" time="0.297" /><testcase classname="tests.test_argument_audit_advanced_610" name="test_cli_overload_and_topic" time="0.256" /><testcase classname="tests.test_621_d1" name="test_report_declares_no_forgery" time="0.004" /><testcase classname="tests.test_621_d1" name="test_empty_source_safe" time="0.002" /><testcase classname="tests.test_621_d1" name="test_selftest_passes" time="0.016" /><testcase classname="tests.test_doc_lint" name="test_inline_ignore_marker" time="0.035" /><testcase classname="tests.test_621_d2" name="test_reason_stats_basic" time="0.003" /><testcase classname="tests.test_621_d2" name="test_reason_stats_empty" time="0.007" /><testcase classname="tests.test_621_d2" name="test_edge_direction_parsing" time="0.001" /><testcase classname="tests.test_doc_lint" name="test_exemption_applied" time="0.050" /><testcase classname="tests.test_contamination_tracker_636" name="test_valves" time="0.001" /><testcase classname="tests.test_621_d2" name="test_consistency_literal_vs_normalized" time="0.002" /><testcase classname="tests.test_contamination_tracker_636" name="test_tainted" time="0.386" /><testcase classname="tests.test_621_d2" name="test_consistency_detects_real_semantic_disagreement" time="0.006" /><testcase classname="tests.test_e2e_attestation_629" name="test_report_written_with_chain_tree" time="5.504" /><testcase classname="tests.test_attack_edge_generator_596" name="test_no_related_atoms_makes_no_edges" time="0.068" /><testcase classname="tests.test_doc_lint" name="test_count_mismatch_reported" time="0.043" /><testcase classname="tests.test_add_check_batch_634" name="test_check_exit0[asm_regen.py]" time="0.300" /><testcase classname="tests.test_doc_lint" name="test_historical_snapshot_skipped" time="0.046" /><testcase classname="tests.test_coverage_probe_batch_634" name="test_wrapper_check_exit0[coverage_probe_L2_4_634.py]" time="0.432" /><testcase classname="tests.test_attack_edge_generator_596" name="test_dangling_atom_ref_warns_and_skips_without_crash" time="0.068" /><testcase classname="tests.test_619_gate" name="test_check_tools_all_exist" time="0.002" /><testcase classname="tests.test_conflict_detector_636" name="test_strength" time="0.004" /><testcase classname="tests.test_doc_lint" name="test_count_other_kinds" time="0.035" /><testcase classname="tests.test_conflict_detector_636" name="test_selftest" time="0.021" /><testcase classname="tests.test_attack_edge_generator_596" name="test_duplicate_related_atoms_dedup" time="0.039" /><testcase classname="tests.test_conflict_detector_642" name="test_flag_does_not_change_verdict" time="0.004" /><testcase classname="tests.test_conflict_detector_642" name="test_known_conflict_card_is_marked" time="0.003" /><testcase classname="tests.test_622_c3" name="test_all_83_cards_classified" time="0.006" /><testcase classname="tests.test_conflict_detector_642" name="test_known_clean_card_is_not_marked" time="0.002" /><testcase classname="tests.test_conflict_detector_642" name="test_theta_boundary" time="0.002" /><testcase classname="tests.test_add_check_batch_634" name="test_check_exit0[review_triage.py]" time="0.540" /><testcase classname="tests.test_622_c3" name="test_abstain_zero_after_upgrade" time="0.004" /><testcase classname="tests.test_doc_lint" name="test_missing_tool_reported" time="0.041" /><testcase classname="tests.test_conflict_detector_642" name="test_flag_is_idempotent" time="0.001" /><testcase classname="tests.test_conflict_detector_642" name="test_block_mode_is_refused" time="0.002" /><testcase classname="tests.test_622_c3" name="test_reverse_correlation_resolved" time="0.004" /><testcase classname="tests.test_conflict_detector_642" name="test_run_flag_matches_shadow_and_changes_nothing" time="0.085" /><testcase classname="tests.test_argument_audit_advanced_610" name="test_helpers_agree_with_human_review_report" time="0.067" /><testcase classname="tests.test_622_c3" name="test_alignment_crosstab_math" time="0.001" /><testcase classname="tests.test_622_c3" name="test_pck_authority_map_covers_83" time="1.066" /><testcase classname="tests.test_attack_edge_generator_596" name="test_card_without_claim_structured_makes_no_edges" time="0.042" /><testcase classname="tests.test_baseline_636" name="test_daubert" time="0.001" /><testcase classname="tests.test_baseline_636" name="test_selftest" time="1.782" /><testcase classname="tests.test_add_check_batch_634" name="test_check_exit0[cost_tracker.py]" time="0.580" /><testcase classname="tests.test_doc_lint" name="test_test_file_reference_accepted" time="0.023" /><testcase classname="tests.test_add_check_batch_634" name="test_check_exit0[handover_check.py]" time="0.378" /><testcase classname="tests.test_doc_lint" name="test_exit_codes_follow_findings" time="0.181" /><testcase classname="tests.test_attack_edge_generator_596" name="test_generate_is_bytewise_idempotent" time="0.048" /><testcase classname="tests.test_argument_audit_report_610" name="test_generate_full_report_sections" time="0.006" /><testcase classname="tests.test_argument_audit_report_610" name="test_report_p0_matches_credibility_reality" time="0.005" /><testcase classname="tests.test_argument_audit_report_610" name="test_report_p0_when_no_high_credibility" time="0.167" /><testcase classname="tests.test_conflict_detector_642" name="test_selftest" time="0.004" /><testcase classname="tests.test_conftest_safeguard_640" name="test_tracked_file_never_deleted" time="0.033" /><testcase classname="tests.test_defense_chain_html_610" name="test_html_has_all_nodes" time="0.141" /><testcase classname="tests.test_conftest_safeguard_640" name="test_keep_list_batch_artifacts_not_deleted" time="0.020" /><testcase classname="tests.test_conftest_safeguard_640" name="test_temp_artifacts_deleted" time="0.013" /><testcase classname="tests.test_conftest_safeguard_640" name="test_unknown_new_file_conservative_keep" time="0.014" /><testcase classname="tests.test_conftest_safeguard_640" name="test_restore_end_to_end" time="0.308" /><testcase classname="tests.test_add_check_batch_634" name="test_check_exit0[asm_repro_spotcheck.py]" time="0.359" /><testcase classname="tests.test_contamination_tracker_636" name="test_selftest" time="0.714" /><testcase classname="tests.test_argument_audit_report_610" name="test_report_has_p1_vulnerabilities" time="0.001" /><testcase classname="tests.test_argument_audit_report_610" name="test_report_p2_and_recommendations" time="0.001" /><testcase classname="tests.test_argument_audit_report_610" name="test_summary_json" time="0.099" /><testcase classname="tests.test_defense_chain_html_610" name="test_html_has_legend" time="0.110" /><testcase classname="tests.test_attack_edge_review_596" name="test_missing_reason_refused" time="0.016" /><testcase classname="tests.test_coverage_probe_batch_634" name="test_wrapper_check_exit0[coverage_probe_L3_1_634.py]" time="0.396" /><testcase classname="tests.test_attack_edge_review_596" name="test_unknown_edge_id_refused" time="0.036" /><testcase classname="tests.test_defense_chain_cli_610" name="test_cli_what_if_overturned" time="0.134" /><testcase classname="tests.test_defense_chain_html_610" name="test_html_self_contained" time="0.113" /><testcase classname="tests.test_attack_edge_review_596" name="test_impersonation_refused" time="0.161" /><testcase classname="tests.test_add_check_batch_634" name="test_check_exit0[high_complexity_attack_surface_623.py]" time="0.460" /><testcase classname="tests.test_defense_chain_cli_610" name="test_cli_stats" time="0.150" /><testcase classname="tests.test_defense_chain_html_610" name="test_edges_are_rendered_with_correct_weights" time="0.129" /><testcase classname="tests.test_conftest_safeguard_640" name="test_snapshot_restore_roundtrip" time="0.026" /><testcase classname="tests.test_escape_rate_trend_610" name="test_detect_ruler_changes" time="0.279" /><testcase classname="tests.test_add_check_batch_634" name="test_check_exit0[round3_mutator_623.py]" time="0.335" /><testcase classname="tests.test_add_check_batch_634" name="test_check_exit0[book_asm_freshness.py]" time="0.340" /><testcase classname="tests.test_attack_edge_review_596" name="test_git_unavailable_or_unsigned_refused" time="0.113" /><testcase classname="tests.test_baseline_632" name="test_baseline_has_required_keys" time="0.001" /><testcase classname="tests.test_add_check_batch_634" name="test_check_exit0[crossref_audit.py]" time="0.317" /><testcase classname="tests.test_baseline_632" name="test_ci_remaining_items_extracts_five" time="0.026" /><testcase classname="tests.test_defense_chain_html_610" name="test_interaction_and_static_fallback" time="0.100" /><testcase classname="tests.test_baseline_632" name="test_ci_remaining_items_missing_file_returns_empty" time="0.003" /><testcase classname="tests.test_baseline_632" name="test_proxy_up_closed_port_is_false" time="2.010" /><testcase classname="tests.test_data_dir_organize_615" name="test_plan_exists_with_sections" time="0.002" /><testcase classname="tests.test_data_dir_organize_615" name="test_reference_impact_named" time="0.002" /><testcase classname="tests.test_defense_chain_cli_610" name="test_cli_list_out" time="0.139" /><testcase classname="tests.test_data_dir_organize_615" name="test_no_move_executed" time="0.002" /><testcase classname="tests.test_debt_inventory_633" name="test_id_increments" time="0.001" /><testcase classname="tests.test_debt_inventory_633" name="test_severity_values" time="0.002" /><testcase classname="tests.test_debt_inventory_633" name="test_is_cli" time="0.001" /><testcase classname="tests.test_attack_edge_review_596" name="test_bad_action_and_modify_without_confidence_refused" time="0.025" /><testcase classname="tests.test_debt_inventory_633" name="test_missing_local_imports" time="0.023" /><testcase classname="tests.test_attack_edge_review_596" name="test_effective_edges_rules" time="0.003" /><testcase classname="tests.test_debt_inventory_633" name="test_snapshot" time="3.346" /><testcase classname="tests.test_attack_edge_review_596" name="test_w2_uses_effective_edges_and_reject_has_consequence" time="0.084" /><testcase classname="tests.test_defense_chain_html_610" name="test_generation_is_idempotent" time="0.302" /><testcase classname="tests.test_622_a5" name="test_cumulative_totals" time="0.002" /><testcase classname="tests.test_622_a5" name="test_per_round_escape_rate" time="0.001" /><testcase classname="tests.test_622_a5" name="test_trend_slope_and_series" time="0.001" /><testcase classname="tests.test_622_a5" name="test_flat_zero_single_round" time="0.001" /><testcase classname="tests.test_622_a5" name="test_empty_rounds_safe" time="0.001" /><testcase classname="tests.test_622_a5" name="test_load_real_rounds" time="0.008" /><testcase classname="tests.test_coverage_probe_batch_634" name="test_wrapper_check_exit0[coverage_probe_L3_3_634.py]" time="0.317" /><testcase classname="tests.test_ci_config_615" name="test_four_jobs_complete" time="0.122" /><testcase classname="tests.test_defense_chain_cli_610" name="test_cli_list_no_defenders_and_no_attackers" time="0.188" /><testcase classname="tests.test_attack_edge_review_596" name="test_cli_roundtrip_and_check" time="1.197" /><testcase classname="tests.test_escape_rate_trend_610" name="test_generate_trend_html" time="0.446" /><testcase classname="tests.test_add_check_batch_634" name="test_check_exit0[run_cpp_assertions.py]" time="0.471" /><testcase classname="tests.test_ci_debt_clear_633" name="test_classify_assertion_expired" time="0.002" /><testcase classname="tests.test_ci_debt_clear_633" name="test_classify_mypy" time="0.001" /><testcase classname="tests.test_ci_debt_clear_633" name="test_classify_integrity" time="0.003" /><testcase classname="tests.test_ci_debt_clear_633" name="test_classify_default" time="0.003" /><testcase classname="tests.test_ci_debt_clear_633" name="test_load_and_summarize" time="0.013" /><testcase classname="tests.test_add_check_batch_634" name="test_check_exit0[human_review_confirm.py]" time="0.355" /><testcase classname="tests.test_add_check_batch_634" name="test_check_exit0[chapter_compile_check.py]" time="0.360" /><testcase classname="tests.test_ci_debt_clear_633" name="test_skipif_and_selftest" time="0.004" /><testcase classname="tests.test_control_char_cleaner_626" name="test_selftest_passes" time="0.016" /><testcase classname="tests.test_add_check_batch_634" name="test_check_exit0[d5_appendix_audit.py]" time="0.327" /><testcase classname="tests.test_control_char_cleaner_626" name="test_scan_detects_control_chars" time="0.015" /><testcase classname="tests.test_ci_pytest_final_clear_632" name="test_load_remaining_items_five" time="0.123" /><testcase classname="tests.test_control_char_cleaner_626" name="test_scan_clean_dir_returns_empty" time="0.009" /><testcase classname="tests.test_control_char_cleaner_626" name="test_fix_removes_only_control_chars" time="0.024" /><testcase classname="tests.test_debt_replay_fix_628" name="test_disposition_report_exists" time="0.013" /><testcase classname="tests.test_attack_gap_scanner_643" name="test_low_depth_vectors_flagged" time="1.339" /><testcase classname="tests.test_decision_event_v2_626" name="test_event_creation_and_hash" time="0.002" /><testcase classname="tests.test_defense_chain_cli_610" name="test_cli_report_is_idempotent" time="0.319" /><testcase classname="tests.test_decision_event_v2_626" name="test_ledger_append_and_chain" time="0.002" /><testcase classname="tests.test_decision_event_v2_626" name="test_supersedes_get_current" time="0.002" /><testcase classname="tests.test_decision_event_v2_626" name="test_export_import_roundtrip" time="0.012" /><testcase classname="tests.test_coverage_probe_batch_634" name="test_wrapper_check_exit0[coverage_probe_L8_3_634.py]" time="0.259" /><testcase classname="tests.test_decision_event_v2_626" name="test_count_by_review_method_and_origin" time="0.002" /><testcase classname="tests.test_decision_event_v2_626" name="test_independent_human_review_count_zero" time="0.002" /><testcase classname="tests.test_decision_event_v2_626" name="test_append_only_no_update_delete" time="0.001" /><testcase classname="tests.test_decision_event_v2_626" name="test_illegal_event_rejected" time="0.001" /><testcase classname="tests.test_decision_event_v2_626" name="test_replace_requires_supersedes" time="0.002" /><testcase classname="tests.test_defense_chain_html_610" name="test_cli_html" time="0.177" /><testcase classname="tests.test_decision_event_v2_626" name="test_cross_granularity_warning_field" time="0.001" /><testcase classname="tests.test_decision_event_v2_626" name="test_selftest_passes" time="0.025" /><testcase classname="tests.test_adversarial_loop_round3_623" name="test_round3_40_mutations" time="0.036" /><testcase classname="tests.test_ci_pytest_final_clear_632" name="test_load_remaining_items_missing_returns_empty" time="0.002" /><testcase classname="tests.test_defeater_ledger_635" name="test_verified_cards" time="0.015" /><testcase classname="tests.test_coverage_probe_batch_634" name="test_wrapper_check_exit0[coverage_probe_L3_4_634.py]" time="0.386" /><testcase classname="tests.test_defeater_ledger_635" name="test_coverage" time="0.716" /><testcase classname="tests.test_622_c3" name="test_classify_all_v2_uses_pck_map" time="2.411" /><testcase classname="tests.test_adversarial_loop_round3_623" name="test_round3_no_escaped" time="0.003" /><testcase classname="tests.test_adversarial_loop_round3_623" name="test_cumulative_touched_ge_25" time="0.017" /><testcase classname="tests.test_adversarial_loop_round3_623" name="test_round3_touched_rules_listed" time="0.002" /><testcase classname="tests.test_adversarial_loop_round5_624" name="test_generate_40" time="0.150" /><testcase classname="tests.test_ci_pytest_final_clear_632" name="test_residue_present_true_when_dir_exists" time="0.085" /><testcase classname="tests.test_ci_pytest_final_clear_632" name="test_residue_present_false_on_empty_tree" time="0.026" /><testcase classname="tests.test_ci_pytest_final_clear_632" name="test_read_text_robust_utf8" time="0.043" /><testcase classname="tests.test_doc_frontmatter" name="test_build_frontmatter_numbered" time="0.017" /><testcase classname="tests.test_ci_pytest_final_clear_632" name="test_read_text_robust_utf16" time="0.021" /><testcase classname="tests.test_doc_frontmatter" name="test_build_frontmatter_archive" time="0.015" /><testcase classname="tests.test_ci_pytest_final_clear_632" name="test_check_exit_zero" time="0.006" /><testcase classname="tests.test_cli_tools_check_624" name="test_authority_sync_check" time="0.313" /><testcase classname="tests.test_doc_frontmatter" name="test_archive_with_letter_suffix_keeps_it" time="0.008" /><testcase classname="tests.test_escape_rate_trend_610" name="test_check_is_green" time="0.430" /><testcase classname="tests.test_doc_frontmatter" name="test_build_frontmatter_slug_for_unnumbered" time="0.008" /><testcase classname="tests.test_add_check_batch_634" name="test_check_exit0[human_review_pre_annotate.py]" time="0.280" /><testcase classname="tests.test_add_check_batch_634" name="test_check_exit0[d5_gap_scanner.py]" time="0.277" /><testcase classname="tests.test_adversarial_loop_round5_624" name="test_round5_all_blocked_no_escape" time="0.003" /><testcase classname="tests.test_adversarial_loop_round5_624" name="test_round5_new_rules_and_cumulative" time=
[...]
bels_still_readable" time="0.007" /><testcase classname="tests.test_weighted_af_human_review_609" name="test_cli_no_human_reviewed_matches_baseline" time="0.117" /><testcase classname="tests.test_weighted_af_human_review_609" name="test_cli_diff_lists_flips_with_reasons" time="0.311" /><testcase classname="tests.test_weighted_af_human_review_609" name="test_single_reject_drops_edge_without_flip" time="0.113" /><testcase classname="tests.test_warn_governance_workflow_616" name="test_expiry_reminders" time="0.010" /><testcase classname="tests.test_weighted_af_solver_596" name="test_sandbox_small_graph_prop_wins" time="0.002" /><testcase classname="tests.test_weighted_af_human_review_609" name="test_rejecting_all_attackers_flips_misconception" time="0.107" /><testcase classname="tests.test_weighted_af_solver_596" name="test_real_data_reproduces_594_grounded_result" time="0.079" /><testcase classname="tests.test_weighted_af_human_review_609" name="test_modify_sets_exact_confidence_and_kind_normalization" time="0.015" /><testcase classname="tests.test_weighted_af_solver_596" name="test_w1_threshold_sweep_always_degenerates" time="0.068" /><testcase classname="tests.test_weighted_af_solver_596" name="test_no_symmetric_edges_degenerates_inversion" time="0.071" /><testcase classname="tests.test_w2_three_state_626" name="test_in_does_not_equal_true_semantics" time="0.850" /><testcase classname="tests.test_weighted_af_solver_596" name="test_defeated_attackers_are_the_misconceptions" time="0.084" /><testcase classname="tests.test_w2_derived_640c" name="test_pinned_missing_file_fails_loud" time="0.022" /><testcase classname="tests.test_weighted_af_solver_596" name="test_check_is_falsifiable" time="0.076" /><testcase classname="tests.test_weighted_af_solver_596" name="test_equal_credibility_never_defeats" time="0.002" /><testcase classname="tests.test_whitelist_expand_decision_643" name="test_expansion_size" time="0.004" /><testcase classname="tests.test_whitelist_expand_decision_643" name="test_plan_has_guardrails_and_rollback" time="0.002" /><testcase classname="tests.test_whitelist_expand_decision_643" name="test_threshold_edges" time="12.657" /><testcase classname="tests.test_weighted_af_solver_596" name="test_fixpoint_and_idempotence" time="0.165" /><testcase classname="tests.test_whitelist_expand_decision_643" name="test_below_threshold_no_expansion" time="4.788" /><testcase classname="tests.test_whitelist_expand_decision_643" name="test_above_threshold_expands" time="0.718" /><testcase classname="tests.test_weighted_af_human_review_609" name="test_cli_stats_reports_progress_and_influence" time="0.831" /><testcase classname="tests.test_whitelist_expand_decision_643" name="test_plan_sorted_by_score" time="0.611" /><testcase classname="tests.test_loop_runner_643" name="test_caliber_is_flagged" time="4.582" /><testcase classname="tests.test_w2_three_state_626" name="test_three_states_are_independent" time="1.214" /><testcase classname="tests.test_w2_three_state_626" name="test_publication_status_has_policy" time="0.655" /><testcase classname="tests.test_rule_draft_mdl_check_643" name="test_density_proxy" time="0.002" /><testcase classname="tests.test_rule_draft_mdl_check_643" name="test_field_overlap" time="0.001" /><testcase classname="tests.test_rule_draft_mdl_check_643" name="test_overlap_excludes_self" time="0.007" /><testcase classname="tests.test_rule_draft_mdl_check_643" name="test_empty_fields_no_overlap" time="0.001" /><testcase classname="tests.test_metrics_collector_curves" name="test_append_writes_parseable_line" time="0.033" /><testcase classname="tests.test_rule_draft_mdl_check_643" name="test_threshold_is_strict" time="0.583" /><testcase classname="tests.test_metrics_collector_curves" name="test_real_metrics_file_is_fresh" time="0.003" /><testcase classname="tests.test_metrics_collector_curves" name="test_curves_declare_single_timepoint" time="0.174" /><testcase classname="tests.test_warn_governance_615" name="test_new_warn_not_auto_adopted" time="0.640" /><testcase classname="tests.test_task_queue" name="test_legacy_db_upgrades_in_place" time="0.631" /><testcase classname="tests.test_metrics_collector_curves" name="test_curves_escape_rate_matches_stat_bounds" time="0.727" /><testcase classname="tests.test_new_rule_error_tracker_643" name="test_overturn_marks_log" time="5.954" /><testcase classname="tests.test_weighted_af_solver_596" name="test_cli_solve_stats_check_exit_codes" time="0.617" /><testcase classname="tests.test_boundary_fields_635" name="test_mutation_meta" time="0.024" /><testcase classname="tests.test_boundary_fields_635" name="test_infer_channel" time="0.001" /><testcase classname="tests.test_boundary_fields_635" name="test_infer_materiality" time="0.001" /><testcase classname="tests.test_boundary_fields_635" name="test_baseline_files" time="0.008" /><testcase classname="tests.test_boundary_fields_635" name="test_fields_for" time="0.026" /><testcase classname="tests.test_boundary_fields_635" name="test_selftest" time="0.029" /><testcase classname="tests.test_w2_recompute_623" name="test_atom_parsing" time="0.447" /><testcase classname="tests.test_bridge_edge_impact_612" name="test_impact_generates" time="0.095" /><testcase classname="tests.test_bridge_edge_impact_612" name="test_zero_approved_matches_baseline_keep_low" time="0.089" /><testcase classname="tests.test_bridge_edge_impact_612" name="test_zero_approved_matches_baseline_upgrade_medium" time="0.087" /><testcase classname="tests.test_bridge_edge_impact_612" name="test_whatif_all_medium_runs_and_improves_components" time="0.105" /><testcase classname="tests.test_bridge_edge_impact_612" name="test_flips_format" time="0.462" /><testcase classname="tests.test_bridge_edge_impact_612" name="test_check_passes" time="0.754" /><testcase classname="tests.test_rule_drafter_643" name="test_mdl_formula_matches_642" time="0.001" /><testcase classname="tests.test_rule_drafter_643" name="test_draft_fields" time="0.001" /><testcase classname="tests.test_rule_drafter_643" name="test_defaults_are_honest" time="0.340" /><testcase classname="tests.test_fail_closed_audit_642" name="test_severity_summary_and_selftest" time="13.842" /><testcase classname="tests.test_verify_reason" name="test_non_human_status_not_covered[draft]" time="0.321" /><testcase classname="tests.test_whitelist_expand_decision_643" name="test_never_executes" time="16.530" /><testcase classname="tests.test_loop_runner_643" name="test_threshold_consistency" time="4.141" /><testcase classname="tests.test_new_rule_error_tracker_643" name="test_reinit_keeps_samples" time="10.999" /><testcase classname="tests.test_human_review_dashboard_610" name="test_generate_dashboard" time="0.088" /><testcase classname="tests.test_human_review_dashboard_610" name="test_dashboard_has_overview" time="0.035" /><testcase classname="tests.test_human_review_dashboard_610" name="test_dashboard_has_out_mis" time="0.036" /><testcase classname="tests.test_human_review_dashboard_610" name="test_self_contained_and_chart_counts" time="0.042" /><testcase classname="tests.test_human_review_dashboard_610" name="test_check_consistency" time="0.200" /><testcase classname="tests.test_human_review_dashboard_610" name="test_timeline_missing_is_explicit" time="0.034" /><testcase classname="tests.test_human_review_dashboard_610" name="test_timeline_aggregates_by_day" time="0.003" /><testcase classname="tests.test_human_review_dashboard_625" name="test_selftest_passes" time="0.206" /><testcase classname="tests.test_human_review_dashboard_625" name="test_dashboard_html_generated" time="0.002" /><testcase classname="tests.test_human_review_dashboard_625" name="test_html_is_dark_tech_theme" time="0.412" /><testcase classname="tests.test_high_complexity_rules_regression_624" name="test_hc_rules_exempted_by_poison" time="3.776" /><testcase classname="tests.test_loop_runner_643" name="test_not_merged_into_642" time="4.034" /><testcase classname="tests.test_whitelist_expand_decision_643" name="test_no_expansion_gives_path" time="4.112" /><testcase classname="tests.test_loop_runner_643" name="test_replaces_documented" time="3.788" /><testcase classname="tests.test_620_b1" name="test_migrate_writes_files_and_is_idempotent" time="1.145" /><testcase classname="tests.test_debt_replay_fix_628" name="test_manifest_consistency_zero_mismatch" time="0.079" /><testcase classname="tests.test_debt_replay_fix_628" name="test_manifest_has_56_entries" time="0.078" /><testcase classname="tests.test_620_b1" name="test_selftest_passes" time="1.156" /><testcase classname="tests.test_ev_matrix_dual_impl_lock_616" name="test_lock_tool_and_comparison" time="0.067" /><testcase classname="tests.test_ev_matrix_dual_impl_lock_616" name="test_baseline_file_exists" time="0.001" /><testcase classname="tests.test_ev_matrix_dual_impl_lock_616" name="test_check_passes" time="0.094" /><testcase classname="tests.test_ev_matrix_rule_def_v2_616" name="test_doc_exists_nonempty" time="0.002" /><testcase classname="tests.test_ev_matrix_rule_def_v2_616" name="test_preprocessing_includes_artifact_sha256" time="0.001" /><testcase classname="tests.test_ev_matrix_rule_def_v2_616" name="test_all_divergent_cards_listed" time="0.001" /><testcase classname="tests.test_ev_matrix_v2_updated_616" name="test_sha256_preprocessing_implemented" time="0.001" /><testcase classname="tests.test_ev_matrix_v2_updated_616" name="test_agreement_at_least_95" time="0.063" /><testcase classname="tests.test_ev_matrix_v2_updated_616" name="test_no_gate_engine_import" time="0.002" /><testcase classname="tests.test_ev_matrix_v2_updated_616" name="test_check_passes" time="0.134" /><testcase classname="tests.test_evidence_acquisition_orchestrator_644" name="test_orchestrate_structure" time="0.003" /><testcase classname="tests.test_evidence_acquisition_orchestrator_644" name="test_continues_until_cap" time="0.001" /><testcase classname="tests.test_evidence_acquisition_orchestrator_644" name="test_round_cap" time="0.001" /><testcase classname="tests.test_evidence_acquisition_orchestrator_644" name="test_no_card_modify_and_selftest" time="0.919" /><testcase classname="tests.test_mutation_equivalent_583" name="test_583_equivalent_flag_does_not_change_blocked_set" time="51.527" /><testcase classname="tests.test_620_b2" name="test_全量83张全部通过验证" time="15.567" /><testcase classname="tests.test_four_questions_635" name="test_q1" time="0.002" /><testcase classname="tests.test_four_questions_635" name="test_q2" time="0.010" /><testcase classname="tests.test_four_questions_635" name="test_q3" time="40.132" /><testcase classname="tests.test_loop_runner_643" name="test_reuses_637_scoring" time="7.357" /><testcase classname="tests.test_new_rule_error_tracker_643" name="test_init_source_is_derived" time="5.109" /><testcase classname="tests.test_new_rule_error_tracker_643" name="test_ledger_is_batch_local" time="0.303" /><testcase classname="tests.test_loop_stability_metrics_625" name="test_metrics_reads_7_rounds" time="0.291" /><testcase classname="tests.test_620_b2" name="test_迁移可复现_两次输出内容一致" time="29.493" /><testcase classname="tests.test_evidence_seeker_trigger_644" name="test_no_change_unlinked" time="50.245" /><testcase classname="tests.test_four_questions_635" name="test_q4" time="0.027" /><testcase classname="tests.test_four_questions_635" name="test_q4_single" time="0.008" /><testcase classname="tests.test_four_questions_635" name="test_selftest" time="33.879" /><testcase classname="tests.test_620_b2" name="test_迁移产物落在非受控目录" time="0.001" /><testcase classname="tests.test_620_b2" name="test_已生成证书文件存在且可通过验证" time="0.711" /><testcase classname="tests.test_620_b2" name="test_证据卡human_authority全为pending_如实反映" time="10.752" /><testcase classname="tests.test_mutation_equivalent_583" name="test_583_selfcheck_detects_false_positive" time="0.001" /><testcase classname="tests.test_mutation_equivalent_583" name="test_583_variant_index_carries_no_equivalent_field" time="24.142" /><testcase classname="tests.test_loop_metrics_629" name="test_trend_covers_v1_to_v7" time="97.384" /><testcase classname="tests.test_loop_metrics_629" name="test_asymmetry_is_computed" time="0.001" /><testcase classname="tests.test_loop_metrics_629" name="test_report_and_selftest" time="215.369" /><testcase classname="tests.test_620_b2" name="test_原子卡approved数23" time="2.647" /><testcase classname="tests.test_loop_metrics_629" name="test_autoimmune_dimension_matches_a1" time="102.183" /><testcase classname="tests.test_loop_metrics_629" name="test_coverage_dimension" time="0.001" /><testcase classname="tests.test_loop_stability_metrics_625" name="test_trigger1_has_five_checks" time="0.010" /><testcase classname="tests.test_loop_stability_metrics_625" name="test_latest_growth_below_10pct_and_consistency" time="0.008" /><testcase classname="tests.test_loop_stability_metrics_625" name="test_trigger1_partial_satisfied" time="0.007" /><testcase classname="tests.test_loop_stability_metrics_625" name="test_report_exists" time="0.002" /><testcase classname="tests.test_loop_stability_metrics_625" name="test_selftest_passes" time="0.012" /><testcase classname="tests.test_loop_tuning_638" name="test_tuning_table_shape" time="0.001" /><testcase classname="tests.test_loop_tuning_638" name="test_t1_disables_observation" time="0.001" /><testcase classname="tests.test_loop_tuning_638" name="test_t2_relaxes_exceptions" time="0.001" /><testcase classname="tests.test_loop_tuning_638" name="test_real_anomalies_preserved" time="0.765" /><testcase classname="tests.test_620_b2" name="test_negative_tests丢弃数为0" time="13.019" /><testcase classname="tests.test_run_643_gate" name="test_642_closure" time="12.415" /><testcase classname="tests.test_evidence_seeker_trigger_644" name="test_new_evidence_recorded" time="47.694" /><testcase classname="tests.test_620_b3" name="test_status_mapping_three_values" time="0.001" /><testcase classname="tests.test_620_b3" name="test_five_levels_present" time="0.001" /><testcase classname="tests.test_620_b3" name="test_buckets_by_cs_and_verifiers" time="0.001" /><testcase classname="tests.test_620_b3" name="test_full_83_stats" time="0.703" /><testcase classname="tests.test_620_b3" name="test_render_all_writes_one_file_per_cert" time="0.007" /><testcase classname="tests.test_620_b3" name="test_rendered_contains_badge" time="0.353" /><testcase classname="tests.test_four_state_636" name="test_pass" time="0.001" /><testcase classname="tests.test_four_state_636" name="test_fail" time="0.001" /><testcase classname="tests.test_four_state_636" name="test_exception" time="0.001" /><testcase classname="tests.test_four_state_636" name="test_unknown" time="0.368" /><testcase classname="tests.test_mutation_m2_589" name="test_m2_synthetic_only_real_path" time="0.001" /><testcase classname="tests.test_mutation_m6_optimizer_609" name="test_four_effective_and_four_equivalent_classes" time="0.014" /><testcase classname="tests.test_mutation_m6_optimizer_609" name="test_denominator_estimate_is_recomputable" time="0.023" /><testcase classname="tests.test_mutation_m6_optimizer_609" name="test_check_fails_when_premise_changes" time="0.065" /><testcase classname="tests.test_mutation_m6_optimizer_609" name="test_numbers_are_from_baseline_not_from_taskbook" time="0.014" /><testcase classname="tests.test_mutation_m6_optimizer_609" name="test_plan_is_not_landed_and_needs_authority" time="0.013" /><testcase classname="tests.test_mutation_m6_optimizer_609" name="test_no_import_of_mutation_fuzz" time="0.001" /><testcase classname="tests.test_mutation_m6_optimizer_609" name="test_report_write_roundtrip" time="0.394" /><testcase classname="tests.test_run_643_gate" name="test_kernel_purity" time="0.042" /><testcase classname="tests.test_run_643_gate" name="test_protector_rollout" time="0.122" /><testcase classname="tests.test_run_643_gate" name="test_controlled_check_shape" time="0.068" /><testcase classname="tests.test_run_643_gate" name="test_two_phase_check_shape" time="0.003" /><testcase classname="tests.test_run_643_gate" name="test_polluted_registry_shape" time="0.400" /><testcase classname="tests.test_cost_benefit_637" name="test_level_map" time="0.005" /><testcase classname="tests.test_cost_benefit_637" name="test_risk_factor" time="0.001" /><testcase classname="tests.test_cost_benefit_637" name="test_formula" time="0.001" /><testcase classname="tests.test_cost_benefit_637" name="test_flatten" time="0.003" /><testcase classname="tests.test_cost_benefit_637" name="test_rank" time="0.002" /><testcase classname="tests.test_cost_benefit_637" name="test_selftest" time="0.003" /><testcase classname="tests.test_cost_tracker" name="test_token_estimation" time="0.001" /><testcase classname="tests.test_cost_tracker" name="test_record_and_report" time="0.026" /><testcase classname="tests.test_cost_tracker" name="test_record_accumulates_same_stage" time="0.012" /><testcase classname="tests.test_cost_tracker" name="test_cpva_calculation" time="0.063" /><testcase classname="tests.test_cost_tracker" name="test_backfill_from_git" time="0.392" /><testcase classname="tests.test_cost_tracker" name="test_json_report_format" time="0.005" /><testcase classname="tests.test_cost_tracker" name="test_stages_include_revision_and_e2e_chain" time="0.001" /><testcase classname="tests.test_cost_tracker" name="test_record_rounds_accumulate" time="0.402" /><testcase classname="tests.test_snapshot_integrity_ci_626" name="test_cross_report_numerical_consistency" time="0.069" /><testcase classname="tests.test_snapshot_integrity_ci_626" name="test_stale_report_detected" time="0.014" /><testcase classname="tests.test_snapshot_integrity_ci_626" name="test_projection_consistency" time="0.465" /><testcase classname="tests.test_snapshot_integrity_ci_626" name="test_ten_checks_registered" time="0.002" /><testcase classname="tests.test_snapshot_integrity_ci_626" name="test_run_all_returns_ten" time="130.768" /><testcase classname="tests.test_evidence_seeker_trigger_644" name="test_no_card_modify_and_selftest" time="97.127" /><testcase classname="tests.test_snapshot_manifest" name="test_live_counts_structure" time="0.163" /><testcase classname="tests.test_snapshot_manifest" name="test_frozen_numbers" time="0.551" /><testcase classname="tests.test_evidence_store_644" name="test_hash_len" time="0.002" /><testcase classname="tests.test_evidence_store_644" name="test_path_format" time="0.002" /><testcase classname="tests.test_evidence_store_644" name="test_immutable_idempotent" time="0.188" /><testcase classname="tests.test_evidence_store_644" name="test_is_valid" time="0.075" /><testcase classname="tests.test_evidence_store_644" name="test_selftest" time="0.080" /><testcase classname="tests.test_evidence_sufficiency_644" name="test_known_sufficient" time="0.002" /><testcase classname="tests.test_evidence_sufficiency_644" name="test_known_insufficient" time="0.412" /><testcase classname="tests.test_snapshot_integrity_ci_626" name="test_count_consistency_pass" time="0.022" /><testcase classname="tests.test_snapshot_integrity_ci_626" name="test_id_uniqueness_pass" time="0.016" /><testcase classname="tests.test_snapshot_integrity_ci_626" name="test_hash_chain_pass_and_broken_detected" time="0.420" /><testcase classname="tests.test_loop_rerun_638" name="test_run_loop_structure" time="0.374" /><testcase classname="tests.test_loop_rerun_638" name="test_tuning_effect_in_second_run" time="0.355" /><testcase classname="tests.test_loop_rerun_638" name="test_top3_sorted_and_actionable" time="0.355" /><testcase classname="tests.test_loop_rerun_638" name="test_comparison_with_first_run" time="0.001" /><testcase classname="tests.test_loop_rerun_638" name="test_comparison_with_live_run_structure" time="0.362" /><testcase classname="tests.test_loop_rerun_638" name="test_compare_accepts_injected_run" time="0.001" /><testcase classname="tests.test_loop_rerun_638" name="test_memo_has_required_markers" time="0.625" /></testsuite></testsuites>